20494 17:02:29 read(3, "S", 1)          = 1
20494 17:02:29 read(3, "S", 1)          = 1
20494 17:02:29 read(3, "H", 1)          = 1
20494 17:02:29 read(3, "-", 1)          = 1
20494 17:02:29 read(3, "2", 1)          = 1
20494 17:02:29 read(3, ".", 1)          = 1
20494 17:02:29 read(3, "0", 1)          = 1
20494 17:02:29 read(3, "-", 1)          = 1
20494 17:02:29 read(3, "O", 1)          = 1
20494 17:02:29 read(3, "p", 1)          = 1
20494 17:02:29 read(3, "e", 1)          = 1
20494 17:02:29 read(3, "n", 1)          = 1
20494 17:02:29 read(3, "S", 1)          = 1
20494 17:02:29 read(3, "S", 1)          = 1
20494 17:02:29 read(3, "H", 1)          = 1
20494 17:02:29 read(3, "_", 1)          = 1
20494 17:02:29 read(3, "5", 1)          = 1
20494 17:02:29 read(3, ".", 1)          = 1
20494 17:02:29 read(3, "3", 1)          = 1
20494 17:02:29 read(3, "\r", 1)         = 1
20494 17:02:29 read(3, "\n", 1)         = 1
20494 17:02:29 fcntl(3, F_GETFL)        = 0x2 (flags O_RDWR)
20494 17:02:29 fcntl(3, F_SETFL, O_RDWR|O_NONBLOCK) = 0
20494 17:02:29 open("/root/.ssh/known_hosts", O_RDONLY) = 4
20494 17:02:29 fstat(4, {st_mode=S_IFREG|0644, st_size=1754, ...}) = 0
20494 17:02:29 mmap(NULL, 4096, PROT_READ|PROT_WRITE, MAP_PRIVATE|MAP_ANONYMOUS, -1, 0) = 0x7fbeced5e000
20494 17:02:29 read(4, "192.168.1.21 ssh-rsa AAAAB3NzaC1"..., 4096) = 1754
20494 17:02:29 read(4, "", 4096)        = 0
20494 17:02:29 close(4)                 = 0
20494 17:02:29 munmap(0x7fbeced5e000, 4096) = 0
20494 17:02:29 open("/root/.ssh/known_hosts2", O_RDONLY) = -1 ENOENT (No such file or directory)
20494 17:02:29 open("/usr/local/openssh/etc/ssh_known_hosts", O_RDONLY) = -1 ENOENT (No such file or directory)
20494 17:02:29 open("/usr/local/openssh/etc/ssh_known_hosts2", O_RDONLY) = -1 ENOENT (No such file or directory)
20494 17:02:29 write(3, "\0\0\5\224\v\24\5u\212\271\366=}\230Y\323\372\7\223\314Ae\0\0\1\36curve2"..., 1432) = 1432
20494 17:02:29 select(4, [3], NULL, NULL, NULL) = 1 (in [3])
20494 17:02:29 read(3, "\0\0\3D\n\24\n\251PQD\323\6\316[\333\273\337\303{M~\0\0\0~diffie"..., 8192) = 840
20494 17:02:29 brk(0x7fbed023d000)      = 0x7fbed023d000
20494 17:02:29 write(3, "\0\0\0\24\6\"\0\0\10\0\0\0\f\0\0\0 \0\0\0\0\0\0\0", 24) = 24
20494 17:02:29 select(4, [3], NULL, NULL, NULL) = 1 (in [3])
20494 17:02:29 read(3, "\0\0\1\224\10\37\0\0\1\201\0\323#\r#ur\354\351\371#Xq^\272\303\244\330\237-kM"..., 8192) = 408
20494 17:02:29 write(3, "\0\0\1\214\6 \0\0\1\200*\207\6\30O\36\233\32\3236$\271\254[7\213bf\256\327\365."..., 400) = 400
20494 17:02:29 select(4, [3], NULL, NULL, NULL) = 1 (in [3])
20494 17:02:29 read(3, "\0\0\3\274\t!\0\0\1\25\0\0\0\7ssh-rsa\0\0\0\1#\0\0\1\1\0\334"..., 8192) = 976
20494 17:02:29 open("/root/.ssh/known_hosts", O_RDONLY) = 4
20494 17:02:29 fstat(4, {st_mode=S_IFREG|0644, st_size=1754, ...}) = 0
20494 17:02:29 mmap(NULL, 4096, PROT_READ|PROT_WRITE, MAP_PRIVATE|MAP_ANONYMOUS, -1, 0) = 0x7fbeced5e000
20494 17:02:29 read(4, "192.168.1.21 ssh-rsa AAAAB3NzaC1"..., 4096) = 1754
20494 17:02:29 read(4, "", 4096)        = 0
20494 17:02:29 close(4)                 = 0
20494 17:02:29 munmap(0x7fbeced5e000, 4096) = 0
20494 17:02:29 open("/root/.ssh/known_hosts2", O_RDONLY) = -1 ENOENT (No such file or directory)
20494 17:02:29 open("/usr/local/openssh/etc/ssh_known_hosts", O_RDONLY) = -1 ENOENT (No such file or directory)
20494 17:02:29 open("/usr/local/openssh/etc/ssh_known_hosts2", O_RDONLY) = -1 ENOENT (No such file or directory)
20494 17:02:29 write(3, "\0\0\0\f\n\25\0\0\0\0\0\0\0\0\0\0", 16) = 16
20494 17:02:29 write(3, "\335\205\274\337!.\35\204\233s\225g^T\275\320\336\22\242hwJ\362hM7\275J\250\203\201\35"..., 40) = 40
20494 17:02:29 select(4, [3], NULL, NULL, NULL) = 1 (in [3])
20494 17:02:30 read(3, "\34\tn\243\314\"p\260\307\245QX\37\246\322j8\237\341\207\277(\337AB\225\37\25\317\202\366\332"..., 8192) = 40
20494 17:02:30 write(3, "\7\211\343%\376\211\3136\323\331\261'\343\315\340\325v\321?J7\353\177\204\244\233r#2X\272\224"..., 56) = 56
20494 17:02:30 select(4, [3], NULL, NULL, NULL) = 1 (in [3])
20494 17:02:30 read(3, "\36\231\301\351l^\323j\334\272\301]x\200\366\266\217\310b\27\302\200\373\t\331m\246\307\322\2539\377"..., 8192) = 72
20494 17:02:30 stat("/root/.ssh/id_rsa", 0x7ffff7e17750) = -1 ENOENT (No such file or directory)
20494 17:02:30 stat("/root/.ssh/id_dsa", 0x7ffff7e17750) = -1 ENOENT (No such file or directory)
20494 17:02:30 stat("/root/.ssh/id_ecdsa", 0x7ffff7e17750) = -1 ENOENT (No such file or directory)
20494 17:02:30 stat("/root/.ssh/id_ed25519", 0x7ffff7e17750) = -1 ENOENT (No such file or directory)
20494 17:02:30 open("/dev/tty", O_RDWR) = 4
20494 17:02:30 close(4)                 = 0
20494 17:02:30 open("/dev/tty", O_RDWR) = 4
20494 17:02:30 rt_sigaction(SIGALRM, {0x7fbecedd8a00, [], SA_RESTORER, 0x7fbecd784510}, {SIG_DFL, [], 0}, 8) = 0
20494 17:02:30 rt_sigaction(SIGHUP, {0x7fbecedd8a00, [], SA_RESTORER, 0x7fbecd784510}, {SIG_DFL, [], 0}, 8) = 0
20494 17:02:30 rt_sigaction(SIGINT, {0x7fbecedd8a00, [], SA_RESTORER, 0x7fbecd784510}, {SIG_DFL, [], 0}, 8) = 0
20494 17:02:30 rt_sigaction(SIGPIPE, {0x7fbecedd8a00, [], SA_RESTORER, 0x7fbecd784510}, {SIG_IGN, [], SA_RESTORER, 0x7fbecd784510}, 8) = 0
20494 17:02:30 rt_sigaction(SIGQUIT, {0x7fbecedd8a00, [], SA_RESTORER, 0x7fbecd784510}, {SIG_DFL, [], 0}, 8) = 0
20494 17:02:30 rt_sigaction(SIGTERM, {0x7fbecedd8a00, [], SA_RESTORER, 0x7fbecd784510}, {SIG_DFL, [], 0}, 8) = 0
20494 17:02:30 rt_sigaction(SIGTSTP, {0x7fbecedd8a00, [], SA_RESTORER, 0x7fbecd784510}, {SIG_DFL, [], 0}, 8) = 0
20494 17:02:30 rt_sigaction(SIGTTIN, {0x7fbecedd8a00, [], SA_RESTORER, 0x7fbecd784510}, {SIG_DFL, [], 0}, 8) = 0
20494 17:02:30 rt_sigaction(SIGTTOU, {0x7fbecedd8a00, [], SA_RESTORER, 0x7fbecd784510}, {SIG_DFL, [], 0}, 8) = 0
20494 17:02:30 ioctl(4, SNDCTL_TMR_TIMEBASE or SNDRV_TIMER_IOCTL_NEXT_DEVICE or TCGETS, {B38400 opost isig icanon echo ...}) = 0
20494 17:02:30 ioctl(4, SNDCTL_TMR_CONTINUE or SNDRV_TIMER_IOCTL_GPARAMS or TCSETSF, {B38400 opost isig icanon -echo ...}) = 0
20494 17:02:30 write(4, "root@192.168.1.206's password: ", 31) = 31
20494 17:02:30 read(4, "1", 1)          = 1
20494 17:02:30 read(4, "2", 1)          = 1
20494 17:02:30 read(4, "3", 1)          = 1
20494 17:02:30 read(4, "4", 1)          = 1
20494 17:02:30 read(4, "5", 1)          = 1
20494 17:02:30 read(4, "6", 1)          = 1
20494 17:02:30 read(4, "\n", 1)         = 1
20494 17:02:30 write(4, "\n", 1)        = 1
20494 17:02:30 ioctl(4, SNDCTL_TMR_CONTINUE or SNDRV_TIMER_IOCTL_GPARAMS or TCSETSF, {B38400 opost isig icanon echo ...}) = 0
20494 17:02:30 rt_sigaction(SIGALRM, {SIG_DFL, [], SA_RESTORER, 0x7fbecd784510}, NULL, 8) = 0
20494 17:02:30 rt_sigaction(SIGHUP, {SIG_DFL, [], SA_RESTORER, 0x7fbecd784510}, NULL, 8) = 0
20494 17:02:30 rt_sigaction(SIGINT, {SIG_DFL, [], SA_RESTORER, 0x7fbecd784510}, NULL, 8) = 0
20494 17:02:30 rt_sigaction(SIGQUIT, {SIG_DFL, [], SA_RESTORER, 0x7fbecd784510}, NULL, 8) = 0
20494 17:02:30 rt_sigaction(SIGPIPE, {SIG_IGN, [], SA_RESTORER, 0x7fbecd784510}, NULL, 8) = 0
20494 17:02:30 rt_sigaction(SIGTERM, {SIG_DFL, [], SA_RESTORER, 0x7fbecd784510}, NULL, 8) = 0
20494 17:02:30 rt_sigaction(SIGTSTP, {SIG_DFL, [], SA_RESTORER, 0x7fbecd784510}, NULL, 8) = 0
20494 17:02:30 rt_sigaction(SIGTTIN, {SIG_DFL, [], SA_RESTORER, 0x7fbecd784510}, NULL, 8) = 0
20494 17:02:30 rt_sigaction(SIGTTOU, {SIG_DFL, [], SA_RESTORER, 0x7fbecd784510}, NULL, 8) = 0
20494 17:02:30 close(4)                 = 0
20494 17:02:30 write(3, "&\336~A]\3250\316\352?\277:_%\333(\345\256\360\203E\230b\270\251\10\252\r\262\36\4\343"..., 136) = 136
20494 17:02:30 select(4, [3], NULL, NULL, NULL) = 1 (in [3])
20494 17:02:30 read(3, "m\2763\2\212$b\273V\374\365\247\353\321;\7\207\27\33-\336^\234=", 8192) = 24
20494 17:02:30 dup(0)                   = 4
20494 17:02:30 dup(1)                   = 5
20494 17:02:30 dup(2)                   = 6
20494 17:02:30 ioctl(4, SNDCTL_TMR_TIMEBASE or SNDRV_TIMER_IOCTL_NEXT_DEVICE or TCGETS, {B38400 opost isig icanon echo ...}) = 0
20494 17:02:30 ioctl(5, SNDCTL_TMR_TIMEBASE or SNDRV_TIMER_IOCTL_NEXT_DEVICE or TCGETS, {B38400 opost isig icanon echo ...}) = 0
20494 17:02:30 ioctl(6, SNDCTL_TMR_TIMEBASE or SNDRV_TIMER_IOCTL_NEXT_DEVICE or TCGETS, {B38400 opost isig icanon echo ...}) = 0
20494 17:02:30 fcntl(4, F_SETFD, FD_CLOEXEC) = 0
20494 17:02:30 fcntl(5, F_SETFD, FD_CLOEXEC) = 0
20494 17:02:30 fcntl(6, F_SETFD, FD_CLOEXEC) = 0
20494 17:02:30 rt_sigaction(SIGHUP, NULL, {SIG_DFL, [], SA_RESTORER, 0x7fbecd784510}, 8) = 0
20494 17:02:30 rt_sigaction(SIGHUP, {SIG_IGN, [], SA_RESTORER, 0x7fbecd784510}, NULL, 8) = 0
20494 17:02:30 rt_sigaction(SIGHUP, NULL, {SIG_IGN, [], SA_RESTORER, 0x7fbecd784510}, 8) = 0
20494 17:02:30 rt_sigaction(SIGHUP, {0x7fbeced78d10, [], SA_RESTORER, 0x7fbecd784510}, NULL, 8) = 0
20494 17:02:30 rt_sigaction(SIGINT, NULL, {SIG_DFL, [], SA_RESTORER, 0x7fbecd784510}, 8) = 0
20494 17:02:30 rt_sigaction(SIGINT, {SIG_IGN, [], SA_RESTORER, 0x7fbecd784510}, NULL, 8) = 0
20494 17:02:30 rt_sigaction(SIGINT, NULL, {SIG_IGN, [], SA_RESTORER, 0x7fbecd784510}, 8) = 0
20494 17:02:30 rt_sigaction(SIGINT, {0x7fbeced78d10, [], SA_RESTORER, 0x7fbecd784510}, NULL, 8) = 0
20494 17:02:30 rt_sigaction(SIGQUIT, NULL, {SIG_DFL, [], SA_RESTORER, 0x7fbecd784510}, 8) = 0
20494 17:02:30 rt_sigaction(SIGQUIT, {SIG_IGN, [], SA_RESTORER, 0x7fbecd784510}, NULL, 8) = 0
20494 17:02:30 rt_sigaction(SIGQUIT, NULL, {SIG_IGN, [], SA_RESTORER, 0x7fbecd784510}, 8) = 0
20494 17:02:30 rt_sigaction(SIGQUIT, {0x7fbeced78d10, [], SA_RESTORER, 0x7fbecd784510}, NULL, 8) = 0
20494 17:02:30 rt_sigaction(SIGTERM, NULL, {SIG_DFL, [], SA_RESTORER, 0x7fbecd784510}, 8) = 0
20494 17:02:30 rt_sigaction(SIGTERM, {SIG_IGN, [], SA_RESTORER, 0x7fbecd784510}, NULL, 8) = 0
20494 17:02:30 rt_sigaction(SIGTERM, NULL, {SIG_IGN, [], SA_RESTORER, 0x7fbecd784510}, 8) = 0
20494 17:02:30 rt_sigaction(SIGTERM, {0x7fbeced78d10, [], SA_RESTORER, 0x7fbecd784510}, NULL, 8) = 0
20494 17:02:30 rt_sigaction(SIGWINCH, NULL, {SIG_DFL, [], 0}, 8) = 0
20494 17:02:30 rt_sigaction(SIGWINCH, {0x7fbeced79120, [], SA_RESTORER, 0x7fbecd784510}, NULL, 8) = 0
20494 17:02:30 ioctl(0, SNDCTL_TMR_TIMEBASE or SNDRV_TIMER_IOCTL_NEXT_DEVICE or TCGETS, {B38400 opost isig icanon echo ...}) = 0
20494 17:02:30 ioctl(0, SNDCTL_TMR_STOP or SNDRV_TIMER_IOCTL_GINFO or TCSETSW, {B38400 -opost -isig -icanon -echo ...}) = 0
20494 17:02:30 select(7, [3], [3], NULL, NULL) = 1 (out [3])
20494 17:02:30 write(3, "\356\211\300\22\312\360\277\261_\247\321\311\322G\330\25\356d\332\30\245\211\30\227\373\327\312M\35\352\tL"..., 112) = 112
20494 17:02:30 select(7, [3], [], NULL, NULL) = 1 (in [3])
20494 17:02:30 read(3, "\204\\\3725\363\t\204\320+\241m9\256\256\3657<(UOW\365_\310\223c>\16\337R\220\226"..., 8192) = 40
20494 17:02:30 getsockopt(3, SOL_TCP, TCP_NODELAY, [0], [4]) = 0
20494 17:02:30 setsockopt(3, SOL_TCP, TCP_NODELAY, [1], 4) = 0
20494 17:02:30 getsockname(3, {sa_family=AF_INET, sin_port=htons(48739), sin_addr=inet_addr("192.168.1.168")}, [16]) = 0
20494 17:02:30 setsockopt(3, SOL_IP, IP_TOS, [16], 4) = 0
20494 17:02:30 ioctl(0, TIOCGWINSZ, {ws_row=28, ws_col=94, ws_xpixel=0, ws_ypixel=0}) = 0
20494 17:02:30 select(7, [3], [3], NULL, NULL) = 1 (out [3])
20494 17:02:30 write(3, "N\302:\364\245\222\344`d\343\275J\217{h\310(\1\v\221\215\250\312r2\v\257\32tv\177\256"..., 368) = 368
20494 17:02:30 select(7, [3], [], NULL, NULL) = 1 (in [3])
20494 17:02:30 read(3, "\0h\277\243\17\4~\335J\351\254\17O\25N\0\3650\3028\310O0\30\254\31Y\224\231/yH"..., 8192) = 88
20494 17:02:30 select(7, [3 4], [], NULL, NULL) = 1 (in [3])
20494 17:02:30 read(3, "\354\335\271\215\273\27\277\2642\265\325\252\327\244\250s\357\200s\226\17b\274<\212\203\3678\24\373\r@"..., 8192) = 88
20494 17:02:30 select(7, [3 4], [5], NULL, NULL) = 1 (out [5])
20494 17:02:30 write(5, "Last login: Tue Apr 10 09:52:59 "..., 58) = 58
20494 17:02:30 select(7, [3 4], [], NULL, NULL) = 1 (in [3])
20494 17:02:31 read(3, "\314\n\205/\252\365m\\\343\367a\223\327\320\314\321:P-\323\21\324\271\351>\251\317\247\224\240\364s"..., 8192) = 56
20494 17:02:31 select(7, [3 4], [5], NULL, NULL) = 1 (out [5])
20494 17:02:31 write(5, "[root@vm-el6-2 ~]# ", 19) = 19
20494 17:02:31 select(7, [3 4], [], NULL, NULL) = 1 (in [4])
20494 17:02:33 read(4, "i", 16384)      = 1
20494 17:02:33 select(7, [3 4], [3], NULL, NULL) = 1 (out [3])
20494 17:02:33 write(3, "\227\235\1at\362(U\305\245\263$\362=\311\340\230$\251h-\365\2430dqQ\241\3269\230\4"..., 40) = 40
20494 17:02:33 select(7, [3 4], [], NULL, NULL) = 1 (in [3])
20494 17:02:33 read(3, "\333\255\340\216\202\241U\313\253+b?]a\302\317\305\r\221m\212\362\22\2628t\305VM\206\317\203"..., 8192) = 40
20494 17:02:33 select(7, [3 4], [5], NULL, NULL) = 1 (out [5])
20494 17:02:33 write(5, "i", 1)         = 1
20494 17:02:33 select(7, [3 4], [], NULL, NULL) = 1 (in [4])
20494 17:02:34 read(4, "p", 16384)      = 1
20494 17:02:34 select(7, [3 4], [3], NULL, NULL) = 1 (out [3])
20494 17:02:34 write(3, "m%\nu\346*Cku\361\235\351~\230\206\216\224\346\271H\201zh+0l\td/\225\203\203"..., 40) = 40
20494 17:02:34 select(7, [3 4], [], NULL, NULL) = 1 (in [3])
20494 17:02:34 read(3, "!\311/\263hY\324\230\306\32\336E n\255\2175\250\202'\352\375\225\347\\PNz\364\201\360<"..., 8192) = 40
20494 17:02:34 select(7, [3 4], [5], NULL, NULL) = 1 (out [5])
20494 17:02:34 write(5, "p", 1)         = 1
20494 17:02:34 select(7, [3 4], [], NULL, NULL) = 1 (in [4])
20494 17:02:34 read(4, " ", 16384)      = 1
20494 17:02:34 select(7, [3 4], [3], NULL, NULL) = 1 (out [3])
20494 17:02:34 write(3, "`p\2676\227~\266u\16\343\241\33a|\263o7\264\201\245\334\362\17\242\360i=\10\212\16\340\7"..., 40) = 40
20494 17:02:34 select(7, [3 4], [], NULL, NULL) = 1 (in [3])
20494 17:02:34 read(3, "P\233f\222x;\352\340\32A?\303x\256\324\262\rDl\212\353fyg\273\217\34z\313\373\35\244"..., 8192) = 40
20494 17:02:34 select(7, [3 4], [5], NULL, NULL) = 1 (out [5])
20494 17:02:34 write(5, " ", 1)         = 1
20494 17:02:34 select(7, [3 4], [], NULL, NULL) = 1 (in [4])
20494 17:02:34 read(4, "a", 16384)      = 1
20494 17:02:34 select(7, [3 4], [3], NULL, NULL) = 1 (out [3])
20494 17:02:34 write(3, "\254\\!\v\0\177L'\2475\377\255\21\33\201ci\3\271\373\37\204\326\325\362\273\374b\3577\357Z"..., 40) = 40
20494 17:02:34 select(7, [3 4], [], NULL, NULL) = 1 (in [3])
20494 17:02:34 read(3, "\361\365n\325W3\354\333\323\303f\360{\321*\320\357\326z,\367I-\36\17\251\336\370W\252\335\n"..., 8192) = 40
20494 17:02:34 select(7, [3 4], [5], NULL, NULL) = 1 (out [5])
20494 17:02:34 write(5, "a", 1)         = 1
20494 17:02:34 select(7, [3 4], [], NULL, NULL) = 1 (in [4])
20494 17:02:34 read(4, "\r", 16384)     = 1
20494 17:02:34 select(7, [3 4], [3], NULL, NULL) = 1 (out [3])
20494 17:02:34 write(3, "\361T\21=\353\275\271\307\352\7\212r^P\35\343\217*o\34\26\273\252C|\255\376z\364\337[\2"..., 40) = 40
20494 17:02:34 select(7, [3 4], [], NULL, NULL) = 1 (in [3])
20494 17:02:34 read(3, "\0\23\2t \20\205O\315\7*\26\317\265;\302\374\213\7\33\300\347\27\20\17\20\367\264\216\267\235\215"..., 8192) = 40
20494 17:02:34 select(7, [3 4], [5], NULL, NULL) = 1 (out [5])
20494 17:02:34 write(5, "\r\n", 2)      = 2
20494 17:02:34 select(7, [3 4], [], NULL, NULL) = 1 (in [3])
20494 17:02:34 read(3, ":\236\"\t\213\321\0\220C\247'\27\306\n\222Q\375p\307\0231\273\346=\243\216\246M\264\211\315\264"..., 8192) = 600
20494 17:02:34 select(7, [3 4], [5], NULL, NULL) = 1 (out [5])
20494 17:02:34 write(5, "1: lo: <LOOPBACK,UP,LOWER_UP> mt"..., 569) = 569
20494 17:02:34 select(7, [3 4], [], NULL, NULL) = 1 (in [4])
20494 17:02:34 read(4, "d", 16384)      = 1
20494 17:02:34 select(7, [3 4], [3], NULL, NULL) = 1 (out [3])
20494 17:02:34 write(3, "Gh\rp,\10\243_\24\233\36'\222\377qM\34\204h\275\265\375u\t\232\341\334\304;\254O\37"..., 40) = 40
20494 17:02:34 select(7, [3 4], [], NULL, NULL) = 1 (in [3])
20494 17:02:34 read(3, "S\200E\252\21\216\217\325D\242\217\226\275\230\227\206'\33'\333\366C\344\216\350Z\275\371X\274\360G"..., 8192) = 40
20494 17:02:34 select(7, [3 4], [5], NULL, NULL) = 1 (out [5])
20494 17:02:34 write(5, "d", 1)         = 1
20494 17:02:34 select(7, [3 4], [], NULL, NULL) = 1 (in [4])
20494 17:02:34 read(4, "f", 16384)      = 1
20494 17:02:34 select(7, [3 4], [3], NULL, NULL) = 1 (out [3])
20494 17:02:34 write(3, "\330\367Qz\273\355\272O7\331s\256/\2158}\317\321\23L\f\377\234\321\276n\v\352\252\212\365{"..., 40) = 40
20494 17:02:34 select(7, [3 4], [], NULL, NULL) = 1 (in [3])
20494 17:02:34 read(3, "8|\320F\205\21j8\177\341c8m\220\26C\332\t7\212\237$\315\203l\226\3p\261\350J\""..., 8192) = 40
20494 17:02:34 select(7, [3 4], [5], NULL, NULL) = 1 (out [5])
20494 17:02:34 write(5, "f", 1)         = 1
20494 17:02:34 select(7, [3 4], [], NULL, NULL) = 1 (in [4])
20494 17:02:34 read(4, " ", 16384)      = 1
20494 17:02:34 select(7, [3 4], [3], NULL, NULL) = 1 (out [3])
20494 17:02:34 write(3, "\372C\0335\250\33<\31?P\3429\370\3Rv)5\330\5J\351\252\22nP\234?o\17Ak"..., 40) = 40
20494 17:02:34 select(7, [3 4], [], NULL, NULL) = 1 (in [3])
20494 17:02:34 read(3, "\200`\302\7p\20\323\355CADC\251\17t\32109\377w\204~\357\250\36e\24x\270\321\fH"..., 8192) = 40
20494 17:02:34 select(7, [3 4], [5], NULL, NULL) = 1 (out [5])
20494 17:02:34 write(5, " ", 1)         = 1
20494 17:02:34 select(7, [3 4], [], NULL, NULL) = 1 (in [4])
20494 17:02:34 read(4, "-", 16384)      = 1
20494 17:02:34 select(7, [3 4], [3], NULL, NULL) = 1 (out [3])
20494 17:02:34 write(3, "\"\35\273\302J\23\260\30\262m\v\2\353\35\364\2717]\263\214\223\3531\314Om\270'f\353M\353"..., 40) = 40
20494 17:02:34 select(7, [3 4], [], NULL, NULL) = 1 (in [3])
20494 17:02:35 read(3, "8?\364\355\224\177^\203 jK\202\265)\211\370\2603\231#X\314:\354\231\21\362q9\316k\325"..., 8192) = 40
20494 17:02:35 select(7, [3 4], [5], NULL, NULL) = 1 (out [5])
20494 17:02:35 write(5, "-", 1)         = 1
20494 17:02:35 select(7, [3 4], [], NULL, NULL) = 1 (in [4])
20494 17:02:35 read(4, "h", 16384)      = 1
20494 17:02:35 select(7, [3 4], [3], NULL, NULL) = 1 (out [3])
20494 17:02:35 write(3, "\377\0237R\344\223\213\310\220x\r\206U\203\377\242\271\36\202\341\265\r\252\240r\366\37#\206\375\202a"..., 40) = 40
20494 17:02:35 select(7, [3 4], [], NULL, NULL) = 1 (in [3])
20494 17:02:35 read(3, "\317P\202\226\307\257&\360cF\374/|\323\271\355\302\255\36\240uA\312U\270\21\360\0334-\201\333"..., 8192) = 40
20494 17:02:35 select(7, [3 4], [5], NULL, NULL) = 1 (out [5])
20494 17:02:35 write(5, "h", 1)         = 1
20494 17:02:35 select(7, [3 4], [], NULL, NULL) = 1 (in [4])
20494 17:02:35 read(4, "\r", 16384)     = 1
20494 17:02:35 select(7, [3 4], [3], NULL, NULL) = 1 (out [3])
20494 17:02:35 write(3, "\247\201p^<\311\37\226\255\341u\363\362\313\337\214\317\332wz\341\234:A\2514\337\223@\207\262:"..., 40) = 40
20494 17:02:35 select(7, [3 4], [], NULL, NULL) = 1 (in [3])
20494 17:02:35 read(3, "\301\230\223=?I\275\347\342\355N\241\376\375O\334n\340X\326\31Yfd\2\313\313\304\321U\10r"..., 8192) = 40
20494 17:02:35 select(7, [3 4], [5], NULL, NULL) = 1 (out [5])
20494 17:02:35 write(5, "\r\n", 2)      = 2
20494 17:02:35 select(7, [3 4], [], NULL, NULL) = 1 (in [3])
20494 17:02:35 read(3, "\200)\23\4\22L\201\374\326J\232\0207_\17\353\tz\376+\230\7:\3361\260\315t\4PZ\341"..., 8192) = 184
20494 17:02:35 select(7, [3 4], [5], NULL, NULL) = 1 (out [5])
20494 17:02:35 write(5, "Filesystem      Size  Used Avail"..., 158) = 158
20494 17:02:35 select(7, [3 4], [], NULL, NULL) = 1 (in [4])
20494 17:02:35 read(4, "t", 16384)      = 1
20494 17:02:35 select(7, [3 4], [3], NULL, NULL) = 1 (out [3])
20494 17:02:35 write(3, "cUQ\314%\301\237\262\236\226\250\272`\26\377}\356\3366\303_?\20]2\360\314\317\27\332\356\241"..., 40) = 40
20494 17:02:35 select(7, [3 4], [], NULL, NULL) = 1 (in [3])
20494 17:02:35 read(3, "\35\356sh\r\245x\3128\355\227\216\361\1\335\31V\365\242\342G}\371\35:a\36\206\346\372\346\365"..., 8192) = 40
20494 17:02:35 select(7, [3 4], [5], NULL, NULL) = 1 (out [5])
20494 17:02:35 write(5, "t", 1)         = 1
20494 17:02:35 select(7, [3 4], [], NULL, NULL) = 1 (in [4])
20494 17:02:35 read(4, "o", 16384)      = 1
20494 17:02:35 select(7, [3 4], [3], NULL, NULL) = 1 (out [3])
20494 17:02:35 write(3, "\2249\366\\}~\317\344I\222!6\233[I\22\343\373\221R\325\374\363\275\257\201B\271\377\212\263\\"..., 40) = 40
20494 17:02:35 select(7, [3 4], [], NULL, NULL) = 1 (in [3])
20494 17:02:35 read(3, "\357B0B\312P\26\277\4T\355\n\301(\217:\23\36\307\200\212\215U\364\244\232\301\255\224\5d\335"..., 8192) = 40
20494 17:02:35 select(7, [3 4], [5], NULL, NULL) = 1 (out [5])
20494 17:02:35 write(5, "o", 1)         = 1
20494 17:02:35 select(7, [3 4], [], NULL, NULL) = 1 (in [4])
20494 17:02:35 read(4, "p", 16384)      = 1
20494 17:02:35 select(7, [3 4], [3], NULL, NULL) = 1 (out [3])
20494 17:02:35 write(3, "\226l\237\203\237\274\342\37h\5\366\371\243\350\307\33k\206\32\237\222c\252\231\277\316\3\2563\265J\26"..., 40) = 40
20494 17:02:35 select(7, [3 4], [], NULL, NULL) = 1 (in [3])
20494 17:02:35 read(3, "\215dr\232\346\233s^F\360u\251\201-Z_\235\364\254\213j\352\353C\250\372\313\6\f\2007\205"..., 8192) = 40
20494 17:02:35 select(7, [3 4], [5], NULL, NULL) = 1 (out [5])
20494 17:02:35 write(5, "p", 1)         = 1
20494 17:02:35 select(7, [3 4], [], NULL, NULL) = 1 (in [4])
20494 17:02:35 read(4, "\r", 16384)     = 1
20494 17:02:35 select(7, [3 4], [3], NULL, NULL) = 1 (out [3])
20494 17:02:35 write(3, "t\361 `\342\313Z\307E\376b7\333\v\216\341~\305eR\247\330\3fo\362)\36J\7Y\304"..., 40) = 40
20494 17:02:35 select(7, [3 4], [], NULL, NULL) = 1 (in [3])
20494 17:02:35 read(3, "o:\335\346eV\325\236\263\2\357KQA^eHC_2?9TP\254<\10\3761(\317\313"..., 8192) = 40
20494 17:02:35 select(7, [3 4], [5], NULL, NULL) = 1 (out [5])
20494 17:02:35 write(5, "\r\n", 2)      = 2
20494 17:02:35 select(7, [3 4], [], NULL, NULL) = 1 (in [3])
20494 17:02:36 read(3, "L@;xF4 \253\266\347\23\275\n\363o\360\320J\301\20U\251\327\327\352\311\253C\337$\333\t"..., 8192) = 3912
20494 17:02:36 select(7, [3 4], [5], NULL, NULL) = 1 (out [5])
20494 17:02:36 write(5, "\33[H\33[J\33[0;10mtop - 16:54:46 up 1"..., 3873) = 3873
20494 17:02:36 select(7, [3 4], [], NULL, NULL) = 1 (in [4])
20494 17:02:37 read(4, "q", 16384)      = 1
20494 17:02:37 select(7, [3 4], [3], NULL, NULL) = 1 (out [3])
20494 17:02:37 write(3, "\343s%y\217\341\203\371\2f\265\214\242\317ly\345\326\23\274\241\333n\232$\323\237\222\261L\275\344"..., 40) = 40
20494 17:02:37 select(7, [3 4], [], NULL, NULL) = 1 (in [3])
20494 17:02:37 read(3, "\326&\220\354\202\32\265\364N\306\345Jr{\227\273\24WLJ\263\273\204\6/\327Qc\2464\341\233"..., 8192) = 72
20494 17:02:37 select(7, [3 4], [5], NULL, NULL) = 1 (out [5])
20494 17:02:37 write(5, "\33[29;1H\33[?25h\33[?0c\r\n[root@vm-el6"..., 39) = 39
20494 17:02:37 select(7, [3 4], [], NULL, NULL) = 1 (in [4])
20494 17:02:38 read(4, "x", 16384)      = 1
20494 17:02:38 select(7, [3 4], [3], NULL, NULL) = 1 (out [3])
20494 17:02:38 write(3, "\226Km\377H\233P4\33\311\233H\206\334\230\316\242\322\265\302Fv\237o\374\27\316[\256\242\237:"..., 40) = 40
20494 17:02:38 select(7, [3 4], [], NULL, NULL) = 1 (in [3])
20494 17:02:38 read(3, "\7@\355V\262\331\304\271\305:\333V\224\356/&?~H?\0\1_\266@\202\303\212>\325\vO"..., 8192) = 40
20494 17:02:38 select(7, [3 4], [5], NULL, NULL) = 1 (out [5])
20494 17:02:38 write(5, "x", 1)         = 1
20494 17:02:38 select(7, [3 4], [], NULL, NULL) = 1 (in [4])
20494 17:02:39 read(4, "\10", 16384)    = 1
20494 17:02:39 select(7, [3 4], [3], NULL, NULL) = 1 (out [3])
20494 17:02:39 write(3, "we\214\264|\311{\205\221@\25\264\320\3540\243\313\312\273\364x-5sy\364\2669t\343a\220"..., 40) = 40
20494 17:02:39 select(7, [3 4], [], NULL, NULL) = 1 (in [3])
20494 17:02:39 read(3, "\364u\330\2\222\236\357\22\\>l\371C-\333\267\265|F\353\301\240P\373\374\340\312\213Bh\233\252"..., 8192) = 40
20494 17:02:39 select(7, [3 4], [5], NULL, NULL) = 1 (out [5])
20494 17:02:39 write(5, "\10\33[K", 4)  = 4
20494 17:02:39 select(7, [3 4], [], NULL, NULL) = 1 (in [4])
20494 17:02:39 read(4, "e", 16384)      = 1
20494 17:02:39 select(7, [3 4], [3], NULL, NULL) = 1 (out [3])
20494 17:02:39 write(3, "O\277\241\35\230\257*\24\352\237\243P\304\23\23\2356\2542I\5\0377\244\251\352\247\231\245\206BC"..., 40) = 40
20494 17:02:39 select(7, [3 4], [], NULL, NULL) = 1 (in [3])
20494 17:02:39 read(3, "\247\372'\27\305f\4\274\216\276$\316\3678\7\217\7$\27\355#5:\227)bo-r\205~\221"..., 8192) = 40
20494 17:02:39 select(7, [3 4], [5], NULL, NULL) = 1 (out [5])
20494 17:02:39 write(5, "e", 1)         = 1
20494 17:02:39 select(7, [3 4], [], NULL, NULL) = 1 (in [4])
20494 17:02:40 read(4, "\10", 16384)    = 1
20494 17:02:40 select(7, [3 4], [3], NULL, NULL) = 1 (out [3])
20494 17:02:40 write(3, "8\204y\22 \245\20H91\270\2065\334\311\213?=\212\342\301\324\17\221~\264\271\242nYo`"..., 40) = 40
20494 17:02:40 select(7, [3 4], [], NULL, NULL) = 1 (in [3])
20494 17:02:40 read(3, "\266o\236J\315\332\0166\2~*\32\220\4\337\266\220/Q\23349\240\245\373\270n\3521\v\203l"..., 8192) = 40
20494 17:02:40 select(7, [3 4], [5], NULL, NULL) = 1 (out [5])
20494 17:02:40 write(5, "\10\33[K", 4)  = 4
20494 17:02:40 select(7, [3 4], [], NULL, NULL) = 1 (in [4])
20494 17:03:02 read(4, "i", 16384)      = 1
20494 17:03:02 select(7, [3 4], [3], NULL, NULL) = 1 (out [3])
20494 17:03:02 write(3, ">\217\357\243v\315a\35\213S#\3726\225\304(\326\27Sk\357\271\310 \26d\20\265\377a\265*"..., 40) = 40
20494 17:03:02 select(7, [3 4], [], NULL, NULL) = 1 (in [3])
20494 17:03:02 read(3, "\226C\244\v&\10\f\212-\343\206\357\203\304N\375z\367\221\322\377\274\213\350\277L\200U\3530\311/"..., 8192) = 40
20494 17:03:02 select(7, [3 4], [5], NULL, NULL) = 1 (out [5])
20494 17:03:02 write(5, "i", 1)         = 1
20494 17:03:02 select(7, [3 4], [], NULL, NULL) = 1 (in [4])
20494 17:03:02 read(4, "p", 16384)      = 1
20494 17:03:02 select(7, [3 4], [3], NULL, NULL) = 1 (out [3])
20494 17:03:02 write(3, "\214\363\375\3\32\327k\237x\251p\261\354\211\345\344\267\237\3M\205\307\373\32\352\357-\22\346\300P\""..., 40) = 40
20494 17:03:02 select(7, [3 4], [], NULL, NULL) = 1 (in [3])
20494 17:03:02 read(3, "\243\254\235\335T\262\33\233d\f\242\203\304\326\33\27\325\5\315vkiG\267\263\300\0\211\364+\277d"..., 8192) = 40
20494 17:03:02 select(7, [3 4], [5], NULL, NULL) = 1 (out [5])
20494 17:03:02 write(5, "p", 1)         = 1
20494 17:03:02 select(7, [3 4], [], NULL, NULL) = 1 (in [4])
20494 17:03:02 read(4, " ", 16384)      = 1
20494 17:03:02 select(7, [3 4], [3], NULL, NULL) = 1 (out [3])
20494 17:03:02 write(3, "u\336\250\230\214e#\r\224\241>kE:_~\253b\36\316\323\215\217Q\324Z\314\265B\10=\220"..., 40) = 40
20494 17:03:02 select(7, [3 4], [], NULL, NULL) = 1 (in [3])
20494 17:03:02 read(3, "\21\232\226b\35\234\300aeo\311\213\214\343;:\360\270\216=b\2&cQ\2448\f\7-\316>"..., 8192) = 40
20494 17:03:02 select(7, [3 4], [5], NULL, NULL) = 1 (out [5])
20494 17:03:02 write(5, " ", 1)         = 1
20494 17:03:02 select(7, [3 4], [], NULL, NULL) = 1 (in [4])
20494 17:03:02 read(4, "a", 16384)      = 1
20494 17:03:02 select(7, [3 4], [3], NULL, NULL) = 1 (out [3])
20494 17:03:02 write(3, "\343\222XN\255\354\244tzw\2079>U|\332\33\253\242\355?\366$\22\372\267\222\\\320U\333\220"..., 40) = 40
20494 17:03:02 select(7, [3 4], [], NULL, NULL) = 1 (in [3])
20494 17:03:02 read(3, "\376\350\312\243\2176\302R\340\212\24\267\237\21\246\5\211\217K\245\0\235\355=\0|\251\317\224ZN\307"..., 8192) = 40
20494 17:03:02 select(7, [3 4], [5], NULL, NULL) = 1 (out [5])
20494 17:03:02 write(5, "a", 1)         = 1
20494 17:03:02 select(7, [3 4], [], NULL, NULL) = 1 (in [4])
20494 17:03:02 read(4, "\r", 16384)     = 1
20494 17:03:02 select(7, [3 4], [3], NULL, NULL) = 1 (out [3])
20494 17:03:02 write(3, "+\21\321\217\303I\0\311\224\375!\252\224\242\363\250\233\\g\315b\253\340?@3\16\35\200\356\1m"..., 40) = 40
20494 17:03:02 select(7, [3 4], [], NULL, NULL) = 1 (in [3])
20494 17:03:02 read(3, "\211\310I%U\361\246\222\233\22p+6X\264\363\230j\353\231\320\210\272\262\316\302\305\01068\214\354"..., 8192) = 40
20494 17:03:02 select(7, [3 4], [5], NULL, NULL) = 1 (out [5])
20494 17:03:02 write(5, "\r\n", 2)      = 2
20494 17:03:02 select(7, [3 4], [], NULL, NULL) = 1 (in [3])
20494 17:03:02 read(3, "%\302/6\335\30L \306&\207\376\250\223\343b\272\31\352\237c\v#T\312\f\26\5\344O\333("..., 8192) = 600
20494 17:03:02 select(7, [3 4], [5], NULL, NULL) = 1 (out [5])
20494 17:03:02 write(5, "1: lo: <LOOPBACK,UP,LOWER_UP> mt"..., 569) = 569
20494 17:03:02 select(7, [3 4], [], NULL, NULL) = 1 (in [4])
20494 17:03:03 read(4, "e", 16384)      = 1
20494 17:03:03 select(7, [3 4], [3], NULL, NULL) = 1 (out [3])
20494 17:03:03 write(3, "RCt\306wH \346\201\f\321\36\345iH\211\4T\7\325\34\233\203\342\221\10;\306+\365X\260"..., 40) = 40
20494 17:03:03 select(7, [3 4], [], NULL, NULL) = 1 (in [3])
20494 17:03:03 read(3, "\24\230\302\350\226\336\5t\264$P\316\367\351\211\241\331\31\314\20\335\304\260\311sq\267O\272\361\344R"..., 8192) = 40
20494 17:03:03 select(7, [3 4], [5], NULL, NULL) = 1 (out [5])
20494 17:03:03 write(5, "e", 1)         = 1
20494 17:03:03 select(7, [3 4], [], NULL, NULL) = 1 (in [4])
20494 17:03:03 read(4, "x", 16384)      = 1
20494 17:03:03 select(7, [3 4], [3], NULL, NULL) = 1 (out [3])
20494 17:03:03 write(3, "\361\355\367I\275\316\5V\374\214\267W\321\32\303\323gK\3i\360K#\265;\3338\243\35\0\21m"..., 40) = 40
20494 17:03:03 select(7, [3 4], [], NULL, NULL) = 1 (in [3])
20494 17:03:03 read(3, "\265\3028\351\323u\311g\236l\27\25]\364H^\353P\272\221\357\16\263!\347\357\323\206\27\306\374\332"..., 8192) = 40
20494 17:03:03 select(7, [3 4], [5], NULL, NULL) = 1 (out [5])
20494 17:03:03 write(5, "x", 1)         = 1
20494 17:03:03 select(7, [3 4], [], NULL, NULL) = 1 (in [4])
20494 17:03:03 read(4, "i", 16384)      = 1
20494 17:03:03 select(7, [3 4], [3], NULL, NULL) = 1 (out [3])
20494 17:03:03 write(3, "\6\374\206\205\240\365|<:ur\231+\226s\241M\243\26\323\327\372\344.A\220\237\374\21\316VC"..., 40) = 40
20494 17:03:03 select(7, [3 4], [], NULL, NULL) = 1 (in [3])
20494 17:03:03 read(3, "\216\231\345y\r\343<\364\216\21\214|\5\277/\206\362w\255\343\256~ f\374\275\316rj\263v\322"..., 8192) = 40
20494 17:03:03 select(7, [3 4], [5], NULL, NULL) = 1 (out [5])
20494 17:03:03 write(5, "i", 1)         = 1
20494 17:03:03 select(7, [3 4], [], NULL, NULL) = 1 (in [4])
20494 17:03:04 read(4, "t", 16384)      = 1
20494 17:03:04 select(7, [3 4], [3], NULL, NULL) = 1 (out [3])
20494 17:03:04 write(3, "\33\310\21\3011\211\345P\362<\24^8\261\364<x\244E6Z\354e\306+\320\240\24\0358\211\t"..., 40) = 40
20494 17:03:04 select(7, [3 4], [], NULL, NULL) = 1 (in [3])
20494 17:03:04 read(3, "\206\373\371*\217\223\10\243\374\37\6\316\225\231\26\274\221}9\22\374}#\334\7.-\177\6\214\2:"..., 8192) = 40
20494 17:03:04 select(7, [3 4], [5], NULL, NULL) = 1 (out [5])
20494 17:03:04 write(5, "t", 1)         = 1
20494 17:03:04 select(7, [3 4], [], NULL, NULL) = 1 (in [4])
20494 17:03:04 read(4, "\r", 16384)     = 1
20494 17:03:04 select(7, [3 4], [3], NULL, NULL) = 1 (out [3])
20494 17:03:04 write(3, "\263+\360=\235\20g\344\n\234\205<`y\\\207\211\25!~u\233\274\263G\356%\30r\310\302\32"..., 40) = 40
20494 17:03:04 select(7, [3 4], [], NULL, NULL) = 1 (in [3])
20494 17:03:04 read(3, "\3159\221u\364%[0E\306\217\201FgFc\364*\205\207\364\17\25\235\366y\373\261O\324+\324"..., 8192) = 40
20494 17:03:04 select(7, [3 4], [5], NULL, NULL) = 1 (out [5])
20494 17:03:04 write(5, "\r\nlogout\r\n", 10) = 10
20494 17:03:04 select(7, [3 4], [], NULL, NULL) = 1 (in [3])
20494 17:03:04 read(3, "[9\7\365\372p\301#\376\272ka\320~\314\204{\362p\301\365\6\256jO\205\276\37P\341\300\325"..., 8192) = 160
20494 17:03:04 close(4)                 = 0
20494 17:03:04 close(5)                 = 0
20494 17:03:04 ioctl(0, SNDCTL_TMR_STOP or SNDRV_TIMER_IOCTL_GINFO or TCSETSW, {B38400 opost isig icanon echo ...}) = 0
20494 17:03:04 close(6)                 = 0
20494 17:03:04 select(7, [3], [3], NULL, NULL) = 1 (out [3])
20494 17:03:04 write(3, "\325\321\333\270\21M\37Z:\244\353\302\262w\340\230\245\240|\n3k\31\373", 24) = 24
20494 17:03:04 rt_sigaction(SIGWINCH, NULL, {0x7fbeced79120, [], SA_RESTORER, 0x7fbecd784510}, 8) = 0
20494 17:03:04 rt_sigaction(SIGWINCH, {SIG_DFL, [], SA_RESTORER, 0x7fbecd784510}, NULL, 8) = 0
20494 17:03:04 write(3, "w\323\22\n\21\36\307\265\324e\371\6\241\3021\260k\20\202@\224\256t\252@N\312\304\20\366A\336"..., 56) = 56
20494 17:03:04 ioctl(0, SNDCTL_TMR_TIMEBASE or SNDRV_TIMER_IOCTL_NEXT_DEVICE or TCGETS, {B38400 opost isig icanon echo ...}) = 0
20494 17:03:04 ioctl(1, SNDCTL_TMR_TIMEBASE or SNDRV_TIMER_IOCTL_NEXT_DEVICE or TCGETS, {B38400 opost isig icanon echo ...}) = 0
20494 17:03:04 ioctl(2, SNDCTL_TMR_TIMEBASE or SNDRV_TIMER_IOCTL_NEXT_DEVICE or TCGETS, {B38400 opost isig icanon echo ...}) = 0
20494 17:03:04 write(2, "Connection to 192.168.1.206 clos"..., 37) = 37
20494 17:03:04 shutdown(3, SHUT_RDWR)   = 0
20494 17:03:04 close(3)                 = 0
20494 17:03:04 exit_group(0)            = ?
20494 17:03:04 +++ exited with 0 +++
