20427 17:02:18 read(3, "S", 1)          = 1
20427 17:02:18 read(3, "S", 1)          = 1
20427 17:02:18 read(3, "H", 1)          = 1
20427 17:02:18 read(3, "-", 1)          = 1
20427 17:02:18 read(3, "2", 1)          = 1
20427 17:02:18 read(3, ".", 1)          = 1
20427 17:02:18 read(3, "0", 1)          = 1
20427 17:02:18 read(3, "-", 1)          = 1
20427 17:02:18 read(3, "O", 1)          = 1
20427 17:02:18 read(3, "p", 1)          = 1
20427 17:02:18 read(3, "e", 1)          = 1
20427 17:02:18 read(3, "n", 1)          = 1
20427 17:02:18 read(3, "S", 1)          = 1
20427 17:02:18 read(3, "S", 1)          = 1
20427 17:02:18 read(3, "H", 1)          = 1
20427 17:02:18 read(3, "_", 1)          = 1
20427 17:02:18 read(3, "5", 1)          = 1
20427 17:02:18 read(3, ".", 1)          = 1
20427 17:02:18 read(3, "3", 1)          = 1
20427 17:02:18 read(3, "\r", 1)         = 1
20427 17:02:18 read(3, "\n", 1)         = 1
20427 17:02:18 fcntl(3, F_GETFL)        = 0x2 (flags O_RDWR)
20427 17:02:18 fcntl(3, F_SETFL, O_RDWR|O_NONBLOCK) = 0
20427 17:02:18 open("/root/.ssh/known_hosts", O_RDONLY) = 4
20427 17:02:18 fstat(4, {st_mode=S_IFREG|0644, st_size=1754, ...}) = 0
20427 17:02:18 mmap(NULL, 4096, PROT_READ|PROT_WRITE, MAP_PRIVATE|MAP_ANONYMOUS, -1, 0) = 0x7f7b30de0000
20427 17:02:18 read(4, "192.168.1.21 ssh-rsa AAAAB3NzaC1"..., 4096) = 1754
20427 17:02:18 read(4, "", 4096)        = 0
20427 17:02:18 close(4)                 = 0
20427 17:02:18 munmap(0x7f7b30de0000, 4096) = 0
20427 17:02:18 open("/root/.ssh/known_hosts2", O_RDONLY) = -1 ENOENT (No such file or directory)
20427 17:02:18 open("/usr/local/openssh/etc/ssh_known_hosts", O_RDONLY) = -1 ENOENT (No such file or directory)
20427 17:02:18 open("/usr/local/openssh/etc/ssh_known_hosts2", O_RDONLY) = -1 ENOENT (No such file or directory)
20427 17:02:18 write(3, "\0\0\5\224\v\24\32zo\320W\223\361g\277\25\26C\360\235\230\235\0\0\1\36curve2"..., 1432) = 1432
20427 17:02:18 select(4, [3], NULL, NULL, NULL) = 1 (in [3])
20427 17:02:18 read(3, "\0\0\3\f\n\24D\216\240\27\256\311\366G\274\322\27u\306 \316\343\0\0\0~diffie"..., 8192) = 784
20427 17:02:18 brk(0x7f7b32cce000)      = 0x7f7b32cce000
20427 17:02:18 brk(0x7f7b32ccd000)      = 0x7f7b32ccd000
20427 17:02:18 write(3, "\0\0\0\24\6\"\0\0\10\0\0\0\f\0\0\0 \0\0\0\0\0\0\0", 24) = 24
20427 17:02:18 select(4, [3], NULL, NULL, NULL) = 1 (in [3])
20427 17:02:18 read(3, "\0\0\1\224\10\37\0\0\1\201\0\323#\r#ur\354\351\371#Xq^\272\303\244\330\237-kM"..., 8192) = 408
20427 17:02:18 write(3, "\0\0\1\214\5 \0\0\1\201\0\244\334\261\232\t\246\203`\213a\211\262\222~\351)\315f\272\20\n"..., 400) = 400
20427 17:02:18 select(4, [3], NULL, NULL, NULL) = 1 (in [3])
20427 17:02:18 read(3, "\0\0\3\274\n!\0\0\1\25\0\0\0\7ssh-rsa\0\0\0\1#\0\0\1\1\0\252"..., 8192) = 976
20427 17:02:18 open("/root/.ssh/known_hosts", O_RDONLY) = 4
20427 17:02:18 fstat(4, {st_mode=S_IFREG|0644, st_size=1754, ...}) = 0
20427 17:02:18 mmap(NULL, 4096, PROT_READ|PROT_WRITE, MAP_PRIVATE|MAP_ANONYMOUS, -1, 0) = 0x7f7b30de0000
20427 17:02:18 read(4, "192.168.1.21 ssh-rsa AAAAB3NzaC1"..., 4096) = 1754
20427 17:02:18 read(4, "", 4096)        = 0
20427 17:02:18 close(4)                 = 0
20427 17:02:18 munmap(0x7f7b30de0000, 4096) = 0
20427 17:02:18 open("/root/.ssh/known_hosts2", O_RDONLY) = -1 ENOENT (No such file or directory)
20427 17:02:18 open("/usr/local/openssh/etc/ssh_known_hosts", O_RDONLY) = -1 ENOENT (No such file or directory)
20427 17:02:18 open("/usr/local/openssh/etc/ssh_known_hosts2", O_RDONLY) = -1 ENOENT (No such file or directory)
20427 17:02:18 write(3, "\0\0\0\f\n\25\0\0\0\0\0\0\0\0\0\0", 16) = 16
20427 17:02:18 write(3, "\332]a\207Zt\363/u\264\231\23\305\320\7K\31\243\5\245\1\311\300\351)\32C\211\237-#\236"..., 40) = 40
20427 17:02:18 select(4, [3], NULL, NULL, NULL) = 1 (in [3])
20427 17:02:18 read(3, "\2043P\3458\353\v#\326\30B\355\26%\233\344\345\277\235=\255\350h\347\372f,\363\377\345`\6"..., 8192) = 40
20427 17:02:18 write(3, "\373\350\252\202\305\300y\233\2\3535x4p2\340W\217\335\347\223Pr\257\260\370\274x6J#\325"..., 56) = 56
20427 17:02:18 select(4, [3], NULL, NULL, NULL) = 1 (in [3])
20427 17:02:18 read(3, "8\354\277\rk\26\302\376\366\304<\233\33\245\34\374<I\3379J\356\372\363\256zl\217\231\267\31\22"..., 8192) = 72
20427 17:02:18 stat("/root/.ssh/id_rsa", 0x7fff5eb75d30) = -1 ENOENT (No such file or directory)
20427 17:02:18 stat("/root/.ssh/id_dsa", 0x7fff5eb75d30) = -1 ENOENT (No such file or directory)
20427 17:02:18 stat("/root/.ssh/id_ecdsa", 0x7fff5eb75d30) = -1 ENOENT (No such file or directory)
20427 17:02:18 stat("/root/.ssh/id_ed25519", 0x7fff5eb75d30) = -1 ENOENT (No such file or directory)
20427 17:02:18 open("/dev/tty", O_RDWR) = 4
20427 17:02:18 close(4)                 = 0
20427 17:02:18 open("/dev/tty", O_RDWR) = 4
20427 17:02:18 rt_sigaction(SIGALRM, {0x7f7b30e5aa00, [], SA_RESTORER, 0x7f7b2f806510}, {SIG_DFL, [], 0}, 8) = 0
20427 17:02:18 rt_sigaction(SIGHUP, {0x7f7b30e5aa00, [], SA_RESTORER, 0x7f7b2f806510}, {SIG_DFL, [], 0}, 8) = 0
20427 17:02:18 rt_sigaction(SIGINT, {0x7f7b30e5aa00, [], SA_RESTORER, 0x7f7b2f806510}, {SIG_DFL, [], 0}, 8) = 0
20427 17:02:18 rt_sigaction(SIGPIPE, {0x7f7b30e5aa00, [], SA_RESTORER, 0x7f7b2f806510}, {SIG_IGN, [], SA_RESTORER, 0x7f7b2f806510}, 8) = 0
20427 17:02:18 rt_sigaction(SIGQUIT, {0x7f7b30e5aa00, [], SA_RESTORER, 0x7f7b2f806510}, {SIG_DFL, [], 0}, 8) = 0
20427 17:02:18 rt_sigaction(SIGTERM, {0x7f7b30e5aa00, [], SA_RESTORER, 0x7f7b2f806510}, {SIG_DFL, [], 0}, 8) = 0
20427 17:02:18 rt_sigaction(SIGTSTP, {0x7f7b30e5aa00, [], SA_RESTORER, 0x7f7b2f806510}, {SIG_DFL, [], 0}, 8) = 0
20427 17:02:18 rt_sigaction(SIGTTIN, {0x7f7b30e5aa00, [], SA_RESTORER, 0x7f7b2f806510}, {SIG_DFL, [], 0}, 8) = 0
20427 17:02:18 rt_sigaction(SIGTTOU, {0x7f7b30e5aa00, [], SA_RESTORER, 0x7f7b2f806510}, {SIG_DFL, [], 0}, 8) = 0
20427 17:02:18 ioctl(4, SNDCTL_TMR_TIMEBASE or SNDRV_TIMER_IOCTL_NEXT_DEVICE or TCGETS, {B38400 opost isig icanon echo ...}) = 0
20427 17:02:18 ioctl(4, SNDCTL_TMR_CONTINUE or SNDRV_TIMER_IOCTL_GPARAMS or TCSETSF, {B38400 opost isig icanon -echo ...}) = 0
20427 17:02:18 write(4, "root@192.168.1.22's password: ", 30) = 30
20427 17:02:18 read(4, "l", 1)          = 1
20427 17:02:18 read(4, "c", 1)          = 1
20427 17:02:18 read(4, "h", 1)          = 1
20427 17:02:18 read(4, "d", 1)          = 1
20427 17:02:18 read(4, "1", 1)          = 1
20427 17:02:18 read(4, "2", 1)          = 1
20427 17:02:18 read(4, "3", 1)          = 1
20427 17:02:18 read(4, "4", 1)          = 1
20427 17:02:18 read(4, "\n", 1)         = 1
20427 17:02:18 write(4, "\n", 1)        = 1
20427 17:02:18 ioctl(4, SNDCTL_TMR_CONTINUE or SNDRV_TIMER_IOCTL_GPARAMS or TCSETSF, {B38400 opost isig icanon echo ...}) = 0
20427 17:02:18 rt_sigaction(SIGALRM, {SIG_DFL, [], SA_RESTORER, 0x7f7b2f806510}, NULL, 8) = 0
20427 17:02:18 rt_sigaction(SIGHUP, {SIG_DFL, [], SA_RESTORER, 0x7f7b2f806510}, NULL, 8) = 0
20427 17:02:18 rt_sigaction(SIGINT, {SIG_DFL, [], SA_RESTORER, 0x7f7b2f806510}, NULL, 8) = 0
20427 17:02:18 rt_sigaction(SIGQUIT, {SIG_DFL, [], SA_RESTORER, 0x7f7b2f806510}, NULL, 8) = 0
20427 17:02:18 rt_sigaction(SIGPIPE, {SIG_IGN, [], SA_RESTORER, 0x7f7b2f806510}, NULL, 8) = 0
20427 17:02:18 rt_sigaction(SIGTERM, {SIG_DFL, [], SA_RESTORER, 0x7f7b2f806510}, NULL, 8) = 0
20427 17:02:18 rt_sigaction(SIGTSTP, {SIG_DFL, [], SA_RESTORER, 0x7f7b2f806510}, NULL, 8) = 0
20427 17:02:18 rt_sigaction(SIGTTIN, {SIG_DFL, [], SA_RESTORER, 0x7f7b2f806510}, NULL, 8) = 0
20427 17:02:18 rt_sigaction(SIGTTOU, {SIG_DFL, [], SA_RESTORER, 0x7f7b2f806510}, NULL, 8) = 0
20427 17:02:18 close(4)                 = 0
20427 17:02:18 write(3, "\365\33453\335\300\216\247\260\211GL\3101u\212\33\22\350\241<f\346\256\2238\344\212!\223Z\353"..., 136) = 136
20427 17:02:18 select(4, [3], NULL, NULL, NULL) = 1 (in [3])
20427 17:02:18 read(3, "9\203\275\207w\324\10\305\7\225\203\355\356T\365L\342\356\32\206E\210^\255", 8192) = 24
20427 17:02:18 dup(0)                   = 4
20427 17:02:18 dup(1)                   = 5
20427 17:02:18 dup(2)                   = 6
20427 17:02:18 ioctl(4, SNDCTL_TMR_TIMEBASE or SNDRV_TIMER_IOCTL_NEXT_DEVICE or TCGETS, {B38400 opost isig icanon echo ...}) = 0
20427 17:02:18 ioctl(5, SNDCTL_TMR_TIMEBASE or SNDRV_TIMER_IOCTL_NEXT_DEVICE or TCGETS, {B38400 opost isig icanon echo ...}) = 0
20427 17:02:18 ioctl(6, SNDCTL_TMR_TIMEBASE or SNDRV_TIMER_IOCTL_NEXT_DEVICE or TCGETS, {B38400 opost isig icanon echo ...}) = 0
20427 17:02:18 fcntl(4, F_SETFD, FD_CLOEXEC) = 0
20427 17:02:18 fcntl(5, F_SETFD, FD_CLOEXEC) = 0
20427 17:02:18 fcntl(6, F_SETFD, FD_CLOEXEC) = 0
20427 17:02:18 rt_sigaction(SIGHUP, NULL, {SIG_DFL, [], SA_RESTORER, 0x7f7b2f806510}, 8) = 0
20427 17:02:18 rt_sigaction(SIGHUP, {SIG_IGN, [], SA_RESTORER, 0x7f7b2f806510}, NULL, 8) = 0
20427 17:02:18 rt_sigaction(SIGHUP, NULL, {SIG_IGN, [], SA_RESTORER, 0x7f7b2f806510}, 8) = 0
20427 17:02:18 rt_sigaction(SIGHUP, {0x7f7b30dfad10, [], SA_RESTORER, 0x7f7b2f806510}, NULL, 8) = 0
20427 17:02:18 rt_sigaction(SIGINT, NULL, {SIG_DFL, [], SA_RESTORER, 0x7f7b2f806510}, 8) = 0
20427 17:02:18 rt_sigaction(SIGINT, {SIG_IGN, [], SA_RESTORER, 0x7f7b2f806510}, NULL, 8) = 0
20427 17:02:18 rt_sigaction(SIGINT, NULL, {SIG_IGN, [], SA_RESTORER, 0x7f7b2f806510}, 8) = 0
20427 17:02:18 rt_sigaction(SIGINT, {0x7f7b30dfad10, [], SA_RESTORER, 0x7f7b2f806510}, NULL, 8) = 0
20427 17:02:18 rt_sigaction(SIGQUIT, NULL, {SIG_DFL, [], SA_RESTORER, 0x7f7b2f806510}, 8) = 0
20427 17:02:18 rt_sigaction(SIGQUIT, {SIG_IGN, [], SA_RESTORER, 0x7f7b2f806510}, NULL, 8) = 0
20427 17:02:18 rt_sigaction(SIGQUIT, NULL, {SIG_IGN, [], SA_RESTORER, 0x7f7b2f806510}, 8) = 0
20427 17:02:18 rt_sigaction(SIGQUIT, {0x7f7b30dfad10, [], SA_RESTORER, 0x7f7b2f806510}, NULL, 8) = 0
20427 17:02:18 rt_sigaction(SIGTERM, NULL, {SIG_DFL, [], SA_RESTORER, 0x7f7b2f806510}, 8) = 0
20427 17:02:18 rt_sigaction(SIGTERM, {SIG_IGN, [], SA_RESTORER, 0x7f7b2f806510}, NULL, 8) = 0
20427 17:02:18 rt_sigaction(SIGTERM, NULL, {SIG_IGN, [], SA_RESTORER, 0x7f7b2f806510}, 8) = 0
20427 17:02:18 rt_sigaction(SIGTERM, {0x7f7b30dfad10, [], SA_RESTORER, 0x7f7b2f806510}, NULL, 8) = 0
20427 17:02:18 rt_sigaction(SIGWINCH, NULL, {SIG_DFL, [], 0}, 8) = 0
20427 17:02:18 rt_sigaction(SIGWINCH, {0x7f7b30dfb120, [], SA_RESTORER, 0x7f7b2f806510}, NULL, 8) = 0
20427 17:02:18 ioctl(0, SNDCTL_TMR_TIMEBASE or SNDRV_TIMER_IOCTL_NEXT_DEVICE or TCGETS, {B38400 opost isig icanon echo ...}) = 0
20427 17:02:18 ioctl(0, SNDCTL_TMR_STOP or SNDRV_TIMER_IOCTL_GINFO or TCSETSW, {B38400 -opost -isig -icanon -echo ...}) = 0
20427 17:02:18 select(7, [3], [3], NULL, NULL) = 1 (out [3])
20427 17:02:18 write(3, "TL\2`2\334\27AQN\310\230T\357cFI:\205^\306D\35R~\31\255\232\262>\34o"..., 112) = 112
20427 17:02:18 select(7, [3], [], NULL, NULL) = 1 (in [3])
20427 17:02:19 read(3, "\345C\262DP\320U\221\f\345\373\30\1\376\244~\304\31\333\314wk$\"\353\202@\217\242r\304\325"..., 8192) = 40
20427 17:02:19 getsockopt(3, SOL_TCP, TCP_NODELAY, [0], [4]) = 0
20427 17:02:19 setsockopt(3, SOL_TCP, TCP_NODELAY, [1], 4) = 0
20427 17:02:19 getsockname(3, {sa_family=AF_INET, sin_port=htons(50238), sin_addr=inet_addr("192.168.1.168")}, [16]) = 0
20427 17:02:19 setsockopt(3, SOL_IP, IP_TOS, [16], 4) = 0
20427 17:02:19 ioctl(0, TIOCGWINSZ, {ws_row=28, ws_col=94, ws_xpixel=0, ws_ypixel=0}) = 0
20427 17:02:19 select(7, [3], [3], NULL, NULL) = 1 (out [3])
20427 17:02:19 write(3, "\322\3729\330d*op\337\3\3y\321y\304\361&M$\217\371\262a\n.\321\322\3\322(C\3"..., 368) = 368
20427 17:02:19 select(7, [3], [], NULL, NULL) = 1 (in [3])
20427 17:02:19 read(3, "\363\327\241\f\35\335\363\326\317\214=\346Q\314d\333@jL\233J\205t\344T\301l\f\357E\23\331"..., 8192) = 88
20427 17:02:19 select(7, [3 4], [], NULL, NULL) = 1 (in [3])
20427 17:02:19 read(3, ")`\260\302\27\202ux/\310\262\224\311\0^\214\337\270#T\3\351\30\n\241\271\377%\20W\354p"..., 8192) = 88
20427 17:02:19 select(7, [3 4], [5], NULL, NULL) = 1 (out [5])
20427 17:02:19 write(5, "Last login: Mon Apr  9 14:42:26 "..., 58) = 58
20427 17:02:19 select(7, [3 4], [], NULL, NULL) = 1 (in [3])
20427 17:02:19 read(3, "\227N\207\24\200\265,\321D\310~\237\353\344\242\3\34^\21i\335PX\332\350L\277\300!\r?p"..., 8192) = 40
20427 17:02:19 select(7, [3 4], [5], NULL, NULL) = 1 (out [5])
20427 17:02:19 write(5, "[root@vm1 ~]# ", 14) = 14
20427 17:02:19 select(7, [3 4], [], NULL, NULL) = 1 (in [4])
20427 17:02:21 read(4, "i", 16384)      = 1
20427 17:02:21 select(7, [3 4], [3], NULL, NULL) = 1 (out [3])
20427 17:02:21 write(3, "\234\214i=\7\211Ue\0066\321\345l\255\273\252\337F\205 VN\234\235foO5e\330x?"..., 40) = 40
20427 17:02:21 select(7, [3 4], [], NULL, NULL) = 1 (in [3])
20427 17:02:21 read(3, "\264\244\226\v`8\321\237P?;a\317n\354\231\rp\323%\320\335-+:\240NUcA\354\312"..., 8192) = 40
20427 17:02:21 select(7, [3 4], [5], NULL, NULL) = 1 (out [5])
20427 17:02:21 write(5, "i", 1)         = 1
20427 17:02:21 select(7, [3 4], [], NULL, NULL) = 1 (in [4])
20427 17:02:21 read(4, "p", 16384)      = 1
20427 17:02:21 select(7, [3 4], [3], NULL, NULL) = 1 (out [3])
20427 17:02:21 write(3, "a\r\364\355I\216\31+\331\372\323{\235\226\203||Q\350\253FB\361u\2650\n\33b\373%\371"..., 40) = 40
20427 17:02:21 select(7, [3 4], [], NULL, NULL) = 1 (in [3])
20427 17:02:21 read(3, "\255\205:~\274\372\347\344bq\325\340Y\177\312\334Y\345m\37\333\244\306\rW\345\24m\0+\365\16"..., 8192) = 40
20427 17:02:21 select(7, [3 4], [5], NULL, NULL) = 1 (out [5])
20427 17:02:21 write(5, "p", 1)         = 1
20427 17:02:21 select(7, [3 4], [], NULL, NULL) = 1 (in [4])
20427 17:02:21 read(4, " ", 16384)      = 1
20427 17:02:21 select(7, [3 4], [3], NULL, NULL) = 1 (out [3])
20427 17:02:21 write(3, "L\25\247\374N\344m\"o\350\216\nZ\257\343.\26>\325\351\257\351=A\311+t\366j#\t\36"..., 40) = 40
20427 17:02:21 select(7, [3 4], [], NULL, NULL) = 1 (in [3])
20427 17:02:21 read(3, "\3475D\372\351\10\3524\17\374\256\177\27S\362/\223\5\320\311\314\217U\251\"\202\10V\213\205\311$"..., 8192) = 40
20427 17:02:21 select(7, [3 4], [5], NULL, NULL) = 1 (out [5])
20427 17:02:21 write(5, " ", 1)         = 1
20427 17:02:21 select(7, [3 4], [], NULL, NULL) = 1 (in [4])
20427 17:02:21 read(4, "a", 16384)      = 1
20427 17:02:21 select(7, [3 4], [3], NULL, NULL) = 1 (out [3])
20427 17:02:21 write(3, "\236\365:\314U\360Oh\334YN\2362\223\262Hss\247\261\276\340\341\237\216\327\16\33\35767\211"..., 40) = 40
20427 17:02:21 select(7, [3 4], [], NULL, NULL) = 1 (in [3])
20427 17:02:21 read(3, "V\24\224E0\364\30\361\270y3\342\3222\326\342\v\35\2].\302^\330B\252=\26q\3046\273"..., 8192) = 40
20427 17:02:21 select(7, [3 4], [5], NULL, NULL) = 1 (out [5])
20427 17:02:21 write(5, "a", 1)         = 1
20427 17:02:21 select(7, [3 4], [], NULL, NULL) = 1 (in [4])
20427 17:02:21 read(4, "\r", 16384)     = 1
20427 17:02:21 select(7, [3 4], [3], NULL, NULL) = 1 (out [3])
20427 17:02:21 write(3, "\t|\17A\335j\326\10\244E\301\232h\3731\304\2701P\327O\34j\346\26\341\354\177pb\2?"..., 40) = 40
20427 17:02:21 select(7, [3 4], [], NULL, NULL) = 1 (in [3])
20427 17:02:21 read(3, "\261\377f\345!,\266\274\236\7\361\323-CF\371\34\251\3\245\323\324\354\306)b=G:[\377S"..., 8192) = 40
20427 17:02:21 select(7, [3 4], [5], NULL, NULL) = 1 (out [5])
20427 17:02:21 write(5, "\r\n", 2)      = 2
20427 17:02:21 select(7, [3 4], [], NULL, NULL) = 1 (in [3])
20427 17:02:21 read(3, "#I:\353\352>\363!\n\3346\236q\6\247\30:\204\334f\277\343Z\256\"\206\210S(\203\377\207"..., 8192) = 168
20427 17:02:21 select(7, [3 4], [5], NULL, NULL) = 1 (out [5])
20427 17:02:21 write(5, "1: lo: <LOOPBACK,UP,LOWER_UP> mt"..., 129) = 129
20427 17:02:21 select(7, [3 4], [], NULL, NULL) = 1 (in [3])
20427 17:02:21 read(3, "\n\236OP\354M{Y\351\322\261\264\6\373@l\20<\250\215M\265xvV\272\35G\262a\\\265"..., 8192) = 600
20427 17:02:21 select(7, [3 4], [5], NULL, NULL) = 1 (out [5])
20427 17:02:21 write(5, "    inet 127.0.0.1/8 scope host "..., 563) = 563
20427 17:02:21 select(7, [3 4], [], NULL, NULL) = 1 (in [4])
20427 17:02:22 read(4, "e", 16384)      = 1
20427 17:02:22 select(7, [3 4], [3], NULL, NULL) = 1 (out [3])
20427 17:02:22 write(3, "\210\325Y\225 \343~i.\306\36202\225\3038\221Z\345B\324Nk\276\273\300A\353n\300\26\233"..., 40) = 40
20427 17:02:22 select(7, [3 4], [], NULL, NULL) = 1 (in [3])
20427 17:02:22 read(3, "l\7,\237b\201\337R\230}\230\353\331\257X\177\326\301p\202\302\304\374\2521$\246\245\3009'\304"..., 8192) = 40
20427 17:02:22 select(7, [3 4], [5], NULL, NULL) = 1 (out [5])
20427 17:02:22 write(5, "e", 1)         = 1
20427 17:02:22 select(7, [3 4], [], NULL, NULL) = 1 (in [4])
20427 17:02:22 read(4, "i", 16384)      = 1
20427 17:02:22 select(7, [3 4], [3], NULL, NULL) = 1 (out [3])
20427 17:02:22 write(3, "~I\3471Lb\3\246,;4=\34\25\307\325\347\266\340\362\211\276\272\nZ9\216\35\26\254X\22"..., 40) = 40
20427 17:02:22 select(7, [3 4], [], NULL, NULL) = 1 (in [3])
20427 17:02:22 read(3, "X\270Pq\262\323]|\f\272\3238\325A\243\353v\373\243P-\255&)\30\205b[\325\325\261\225"..., 8192) = 40
20427 17:02:22 select(7, [3 4], [5], NULL, NULL) = 1 (out [5])
20427 17:02:22 write(5, "i", 1)         = 1
20427 17:02:22 select(7, [3 4], [], NULL, NULL) = 1 (in [4])
20427 17:02:23 read(4, "\10", 16384)    = 1
20427 17:02:23 select(7, [3 4], [3], NULL, NULL) = 1 (out [3])
20427 17:02:23 write(3, "\344'*a\206\230\306\342\320\351\375\32\300\34\256R\232X\333\321\223\20\v[\376d\0\24\217O\325\274"..., 40) = 40
20427 17:02:23 select(7, [3 4], [], NULL, NULL) = 1 (in [3])
20427 17:02:23 read(3, "S\304\250oG\317\333\203\344\317\304W+##K\25\361\233{`g\226\203\252E*\270\236\23k\242"..., 8192) = 40
20427 17:02:23 select(7, [3 4], [5], NULL, NULL) = 1 (out [5])
20427 17:02:23 write(5, "\10\33[K", 4)  = 4
20427 17:02:23 select(7, [3 4], [], NULL, NULL) = 1 (in [4])
20427 17:02:23 read(4, "x", 16384)      = 1
20427 17:02:23 select(7, [3 4], [3], NULL, NULL) = 1 (out [3])
20427 17:02:23 write(3, "\360\261\v\2\6I\237R+\321\210=W{\231\342?\nleL\373o\266\2Rde+\226\361\367"..., 40) = 40
20427 17:02:23 select(7, [3 4], [], NULL, NULL) = 1 (in [3])
20427 17:02:23 read(3, "\263\264\251?\302\257\311\206\325b\37\343,\32\246\16\335\253\373\241\365\24\211\32p\255t\323\206\227SJ"..., 8192) = 40
20427 17:02:23 select(7, [3 4], [5], NULL, NULL) = 1 (out [5])
20427 17:02:23 write(5, "x", 1)         = 1
20427 17:02:23 select(7, [3 4], [], NULL, NULL) = 1 (in [4])
20427 17:02:23 read(4, "i", 16384)      = 1
20427 17:02:23 select(7, [3 4], [3], NULL, NULL) = 1 (out [3])
20427 17:02:23 write(3, "\246\220\325\"\224\331\212\37\301\275\333\200\334fFG\377/X\267<\335x\305\301\v\374\3\30-\0056"..., 40) = 40
20427 17:02:23 select(7, [3 4], [], NULL, NULL) = 1 (in [3])
20427 17:02:23 read(3, "4_\303\255s}\352\376\300V\252\253\25\34c\36J\257\220\"3\321\373=\344@\330\177\3574\215\317"..., 8192) = 40
20427 17:02:23 select(7, [3 4], [5], NULL, NULL) = 1 (out [5])
20427 17:02:23 write(5, "i", 1)         = 1
20427 17:02:23 select(7, [3 4], [], NULL, NULL) = 1 (in [4])
20427 17:02:23 read(4, "t", 16384)      = 1
20427 17:02:23 select(7, [3 4], [3], NULL, NULL) = 1 (out [3])
20427 17:02:23 write(3, "\34Y\350L\372\226\337\310^cB\326\266*`\274\rA=\202\344\360Mj3\377\275\374\203z\0363"..., 40) = 40
20427 17:02:23 select(7, [3 4], [], NULL, NULL) = 1 (in [3])
20427 17:02:23 read(3, "\245J\335\326&\321\267\373\231:\257\374\25\356~p\302\327\261\227wT\364\240\230\177\267\226,(S\357"..., 8192) = 40
20427 17:02:23 select(7, [3 4], [5], NULL, NULL) = 1 (out [5])
20427 17:02:23 write(5, "t", 1)         = 1
20427 17:02:23 select(7, [3 4], [], NULL, NULL) = 1 (in [4])
20427 17:02:23 read(4, "\r", 16384)     = 1
20427 17:02:23 select(7, [3 4], [3], NULL, NULL) = 1 (out [3])
20427 17:02:23 write(3, "\337\370\272\16\253\213\333\246\206\303\n+o_\222X\10\2056h\325J\347#_\303XZh\310\3015"..., 40) = 40
20427 17:02:23 select(7, [3 4], [], NULL, NULL) = 1 (in [3])
20427 17:02:23 read(3, "\231-\270\0225\23P\2014\372/\327\27\262o\246\256I\212\276L\345ug\24\2463\6KI\367\346"..., 8192) = 40
20427 17:02:23 select(7, [3 4], [5], NULL, NULL) = 1 (out [5])
20427 17:02:23 write(5, "\r\n", 2)      = 2
20427 17:02:23 select(7, [3 4], [], NULL, NULL) = 1 (in [3])
20427 17:02:23 read(3, "\17\304c\300(\222\241\262\v\0\335\371\2141\226D\211\244w!\211\352*\345\255\251\225\256\17\377\201\336"..., 8192) = 40
20427 17:02:23 select(7, [3 4], [5], NULL, NULL) = 1 (out [5])
20427 17:02:23 write(5, "logout\r\n", 8) = 8
20427 17:02:23 select(7, [3 4], [], NULL, NULL) = 1 (in [3])
20427 17:02:24 read(3, "|\240\313\\\235\17\263W\337\3230\210u\277c\332N?\255fv\4\340\0377(\250\\\256Gt\320"..., 8192) = 160
20427 17:02:24 close(4)                 = 0
20427 17:02:24 close(5)                 = 0
20427 17:02:24 ioctl(0, SNDCTL_TMR_STOP or SNDRV_TIMER_IOCTL_GINFO or TCSETSW, {B38400 opost isig icanon echo ...}) = 0
20427 17:02:24 close(6)                 = 0
20427 17:02:24 select(7, [3], [3], NULL, NULL) = 1 (out [3])
20427 17:02:24 write(3, "\353\262\251\312\27c\220\274^\r%h\350\352\5\235\231\346\222A\330\373'%", 24) = 24
20427 17:02:24 rt_sigaction(SIGWINCH, NULL, {0x7f7b30dfb120, [], SA_RESTORER, 0x7f7b2f806510}, 8) = 0
20427 17:02:24 rt_sigaction(SIGWINCH, {SIG_DFL, [], SA_RESTORER, 0x7f7b2f806510}, NULL, 8) = 0
20427 17:02:24 write(3, "\26i\210\344\274\213\273\244\356C\371\214\375\340\315\255N\327\243\206\20\37\375\360\3562\5G\301\3\342("..., 56) = 56
20427 17:02:24 ioctl(0, SNDCTL_TMR_TIMEBASE or SNDRV_TIMER_IOCTL_NEXT_DEVICE or TCGETS, {B38400 opost isig icanon echo ...}) = 0
20427 17:02:24 ioctl(1, SNDCTL_TMR_TIMEBASE or SNDRV_TIMER_IOCTL_NEXT_DEVICE or TCGETS, {B38400 opost isig icanon echo ...}) = 0
20427 17:02:24 ioctl(2, SNDCTL_TMR_TIMEBASE or SNDRV_TIMER_IOCTL_NEXT_DEVICE or TCGETS, {B38400 opost isig icanon echo ...}) = 0
20427 17:02:24 write(2, "Connection to 192.168.1.22 close"..., 36) = 36
20427 17:02:24 shutdown(3, SHUT_RDWR)   = 0
20427 17:02:24 close(3)                 = 0
20427 17:02:24 exit_group(0)            = ?
20427 17:02:24 +++ exited with 0 +++
