20372 17:02:09 read(3, "S", 1)          = 1
20372 17:02:10 read(3, "S", 1)          = 1
20372 17:02:10 read(3, "H", 1)          = 1
20372 17:02:10 read(3, "-", 1)          = 1
20372 17:02:10 read(3, "2", 1)          = 1
20372 17:02:10 read(3, ".", 1)          = 1
20372 17:02:10 read(3, "0", 1)          = 1
20372 17:02:10 read(3, "-", 1)          = 1
20372 17:02:10 read(3, "O", 1)          = 1
20372 17:02:10 read(3, "p", 1)          = 1
20372 17:02:10 read(3, "e", 1)          = 1
20372 17:02:10 read(3, "n", 1)          = 1
20372 17:02:10 read(3, "S", 1)          = 1
20372 17:02:10 read(3, "S", 1)          = 1
20372 17:02:10 read(3, "H", 1)          = 1
20372 17:02:10 read(3, "_", 1)          = 1
20372 17:02:10 read(3, "5", 1)          = 1
20372 17:02:10 read(3, ".", 1)          = 1
20372 17:02:10 read(3, "3", 1)          = 1
20372 17:02:10 read(3, "\r", 1)         = 1
20372 17:02:10 read(3, "\n", 1)         = 1
20372 17:02:10 fcntl(3, F_GETFL)        = 0x2 (flags O_RDWR)
20372 17:02:10 fcntl(3, F_SETFL, O_RDWR|O_NONBLOCK) = 0
20372 17:02:10 open("/root/.ssh/known_hosts", O_RDONLY) = 4
20372 17:02:10 fstat(4, {st_mode=S_IFREG|0644, st_size=1754, ...}) = 0
20372 17:02:10 mmap(NULL, 4096, PROT_READ|PROT_WRITE, MAP_PRIVATE|MAP_ANONYMOUS, -1, 0) = 0x7f9158f4c000
20372 17:02:10 read(4, "192.168.1.21 ssh-rsa AAAAB3NzaC1"..., 4096) = 1754
20372 17:02:10 read(4, "", 4096)        = 0
20372 17:02:10 close(4)                 = 0
20372 17:02:10 munmap(0x7f9158f4c000, 4096) = 0
20372 17:02:10 open("/root/.ssh/known_hosts2", O_RDONLY) = -1 ENOENT (No such file or directory)
20372 17:02:10 open("/usr/local/openssh/etc/ssh_known_hosts", O_RDONLY) = -1 ENOENT (No such file or directory)
20372 17:02:10 open("/usr/local/openssh/etc/ssh_known_hosts2", O_RDONLY) = -1 ENOENT (No such file or directory)
20372 17:02:10 write(3, "\0\0\5\224\v\24\371\0\201\222\334i$\2261\223\v\274\v\366\326)\0\0\1\36curve2"..., 1432) = 1432
20372 17:02:10 select(4, [3], NULL, NULL, NULL) = 1 (in [3])
20372 17:02:10 read(3, "\0\0\3\f\n\24G\\8l\336\254\320N P\331y\242qQ\252\0\0\0~diffie"..., 8192) = 784
20372 17:02:10 brk(0x7f915ae9d000)      = 0x7f915ae9d000
20372 17:02:10 brk(0x7f915ae9c000)      = 0x7f915ae9c000
20372 17:02:10 write(3, "\0\0\0\24\6\"\0\0\10\0\0\0\f\0\0\0 \0\0\0\0\0\0\0", 24) = 24
20372 17:02:10 select(4, [3], NULL, NULL, NULL) = 1 (in [3])
20372 17:02:10 read(3, "\0\0\1\224\10\37\0\0\1\201\0\323#\r#ur\354\351\371#Xq^\272\303\244\330\237-kM"..., 8192) = 408
20372 17:02:10 write(3, "\0\0\1\214\6 \0\0\1\200~\255~\346\276^y\351\32\316\333\n5\320\211\364\332\256A\265q\336"..., 400) = 400
20372 17:02:10 select(4, [3], NULL, NULL, NULL) = 1 (in [3])
20372 17:02:10 read(3, "\0\0\3\274\t!\0\0\1\25\0\0\0\7ssh-rsa\0\0\0\1#\0\0\1\1\0\252"..., 8192) = 976
20372 17:02:10 open("/root/.ssh/known_hosts", O_RDONLY) = 4
20372 17:02:10 fstat(4, {st_mode=S_IFREG|0644, st_size=1754, ...}) = 0
20372 17:02:10 mmap(NULL, 4096, PROT_READ|PROT_WRITE, MAP_PRIVATE|MAP_ANONYMOUS, -1, 0) = 0x7f9158f4c000
20372 17:02:10 read(4, "192.168.1.21 ssh-rsa AAAAB3NzaC1"..., 4096) = 1754
20372 17:02:10 read(4, "", 4096)        = 0
20372 17:02:10 close(4)                 = 0
20372 17:02:10 munmap(0x7f9158f4c000, 4096) = 0
20372 17:02:10 open("/root/.ssh/known_hosts2", O_RDONLY) = -1 ENOENT (No such file or directory)
20372 17:02:10 open("/usr/local/openssh/etc/ssh_known_hosts", O_RDONLY) = -1 ENOENT (No such file or directory)
20372 17:02:10 open("/usr/local/openssh/etc/ssh_known_hosts2", O_RDONLY) = -1 ENOENT (No such file or directory)
20372 17:02:10 write(3, "\0\0\0\f\n\25\0\0\0\0\0\0\0\0\0\0", 16) = 16
20372 17:02:10 write(3, "\1\374\260qj|\204Q\367\272\251\264@\331\273\260}o\253c\312)\305\324n\264\371\3\356\350/\260"..., 40) = 40
20372 17:02:10 select(4, [3], NULL, NULL, NULL) = 1 (in [3])
20372 17:02:10 read(3, "\260|_.g\v`8}f\262\260\366\5=\215\213d\201Y\317\261\217y\253R\244j\3\214\277\227"..., 8192) = 40
20372 17:02:10 write(3, "\353\372\251{\274aU\217\373Y\342\256\2735\fa\236\254\362\347\20\347\364Nw?;=\33\316\261\346"..., 56) = 56
20372 17:02:10 select(4, [3], NULL, NULL, NULL) = 1 (in [3])
20372 17:02:10 read(3, "8\334\351\362\376x\370\303-R\314H\357\373\356\314\307\352\357\16j\257\313\263\30/\341\227Z\204\7\334"..., 8192) = 72
20372 17:02:10 stat("/root/.ssh/id_rsa", 0x7fff75119960) = -1 ENOENT (No such file or directory)
20372 17:02:10 stat("/root/.ssh/id_dsa", 0x7fff75119960) = -1 ENOENT (No such file or directory)
20372 17:02:10 stat("/root/.ssh/id_ecdsa", 0x7fff75119960) = -1 ENOENT (No such file or directory)
20372 17:02:10 stat("/root/.ssh/id_ed25519", 0x7fff75119960) = -1 ENOENT (No such file or directory)
20372 17:02:10 open("/dev/tty", O_RDWR) = 4
20372 17:02:10 close(4)                 = 0
20372 17:02:10 open("/dev/tty", O_RDWR) = 4
20372 17:02:10 rt_sigaction(SIGALRM, {0x7f9158fc6a00, [], SA_RESTORER, 0x7f9157972510}, {SIG_DFL, [], 0}, 8) = 0
20372 17:02:10 rt_sigaction(SIGHUP, {0x7f9158fc6a00, [], SA_RESTORER, 0x7f9157972510}, {SIG_DFL, [], 0}, 8) = 0
20372 17:02:10 rt_sigaction(SIGINT, {0x7f9158fc6a00, [], SA_RESTORER, 0x7f9157972510}, {SIG_DFL, [], 0}, 8) = 0
20372 17:02:10 rt_sigaction(SIGPIPE, {0x7f9158fc6a00, [], SA_RESTORER, 0x7f9157972510}, {SIG_IGN, [], SA_RESTORER, 0x7f9157972510}, 8) = 0
20372 17:02:10 rt_sigaction(SIGQUIT, {0x7f9158fc6a00, [], SA_RESTORER, 0x7f9157972510}, {SIG_DFL, [], 0}, 8) = 0
20372 17:02:10 rt_sigaction(SIGTERM, {0x7f9158fc6a00, [], SA_RESTORER, 0x7f9157972510}, {SIG_DFL, [], 0}, 8) = 0
20372 17:02:10 rt_sigaction(SIGTSTP, {0x7f9158fc6a00, [], SA_RESTORER, 0x7f9157972510}, {SIG_DFL, [], 0}, 8) = 0
20372 17:02:10 rt_sigaction(SIGTTIN, {0x7f9158fc6a00, [], SA_RESTORER, 0x7f9157972510}, {SIG_DFL, [], 0}, 8) = 0
20372 17:02:10 rt_sigaction(SIGTTOU, {0x7f9158fc6a00, [], SA_RESTORER, 0x7f9157972510}, {SIG_DFL, [], 0}, 8) = 0
20372 17:02:10 ioctl(4, SNDCTL_TMR_TIMEBASE or SNDRV_TIMER_IOCTL_NEXT_DEVICE or TCGETS, {B38400 opost isig icanon echo ...}) = 0
20372 17:02:10 ioctl(4, SNDCTL_TMR_CONTINUE or SNDRV_TIMER_IOCTL_GPARAMS or TCSETSF, {B38400 opost isig icanon -echo ...}) = 0
20372 17:02:10 write(4, "root@192.168.1.21's password: ", 30) = 30
20372 17:02:10 read(4, "l", 1)          = 1
20372 17:02:10 read(4, "c", 1)          = 1
20372 17:02:10 read(4, "h", 1)          = 1
20372 17:02:10 read(4, "d", 1)          = 1
20372 17:02:10 read(4, "1", 1)          = 1
20372 17:02:10 read(4, "2", 1)          = 1
20372 17:02:10 read(4, "3", 1)          = 1
20372 17:02:10 read(4, "4", 1)          = 1
20372 17:02:10 read(4, "\n", 1)         = 1
20372 17:02:10 write(4, "\n", 1)        = 1
20372 17:02:10 ioctl(4, SNDCTL_TMR_CONTINUE or SNDRV_TIMER_IOCTL_GPARAMS or TCSETSF, {B38400 opost isig icanon echo ...}) = 0
20372 17:02:10 rt_sigaction(SIGALRM, {SIG_DFL, [], SA_RESTORER, 0x7f9157972510}, NULL, 8) = 0
20372 17:02:10 rt_sigaction(SIGHUP, {SIG_DFL, [], SA_RESTORER, 0x7f9157972510}, NULL, 8) = 0
20372 17:02:10 rt_sigaction(SIGINT, {SIG_DFL, [], SA_RESTORER, 0x7f9157972510}, NULL, 8) = 0
20372 17:02:10 rt_sigaction(SIGQUIT, {SIG_DFL, [], SA_RESTORER, 0x7f9157972510}, NULL, 8) = 0
20372 17:02:10 rt_sigaction(SIGPIPE, {SIG_IGN, [], SA_RESTORER, 0x7f9157972510}, NULL, 8) = 0
20372 17:02:10 rt_sigaction(SIGTERM, {SIG_DFL, [], SA_RESTORER, 0x7f9157972510}, NULL, 8) = 0
20372 17:02:10 rt_sigaction(SIGTSTP, {SIG_DFL, [], SA_RESTORER, 0x7f9157972510}, NULL, 8) = 0
20372 17:02:10 rt_sigaction(SIGTTIN, {SIG_DFL, [], SA_RESTORER, 0x7f9157972510}, NULL, 8) = 0
20372 17:02:10 rt_sigaction(SIGTTOU, {SIG_DFL, [], SA_RESTORER, 0x7f9157972510}, NULL, 8) = 0
20372 17:02:10 close(4)                 = 0
20372 17:02:10 write(3, "t\344\374\327L\301e\340\240\205\340t\fD\353q>\254:5{\310\257EP_K\31\fUx\261"..., 136) = 136
20372 17:02:10 select(4, [3], NULL, NULL, NULL) = 1 (in [3])
20372 17:02:10 read(3, "\207\306#\245t\\\212\374\335\"\204\223\336\250\316\323\347\260\270\5\234\316\274\32", 8192) = 24
20372 17:02:10 dup(0)                   = 4
20372 17:02:10 dup(1)                   = 5
20372 17:02:10 dup(2)                   = 6
20372 17:02:10 ioctl(4, SNDCTL_TMR_TIMEBASE or SNDRV_TIMER_IOCTL_NEXT_DEVICE or TCGETS, {B38400 opost isig icanon echo ...}) = 0
20372 17:02:10 ioctl(5, SNDCTL_TMR_TIMEBASE or SNDRV_TIMER_IOCTL_NEXT_DEVICE or TCGETS, {B38400 opost isig icanon echo ...}) = 0
20372 17:02:10 ioctl(6, SNDCTL_TMR_TIMEBASE or SNDRV_TIMER_IOCTL_NEXT_DEVICE or TCGETS, {B38400 opost isig icanon echo ...}) = 0
20372 17:02:10 fcntl(4, F_SETFD, FD_CLOEXEC) = 0
20372 17:02:10 fcntl(5, F_SETFD, FD_CLOEXEC) = 0
20372 17:02:10 fcntl(6, F_SETFD, FD_CLOEXEC) = 0
20372 17:02:10 rt_sigaction(SIGHUP, NULL, {SIG_DFL, [], SA_RESTORER, 0x7f9157972510}, 8) = 0
20372 17:02:10 rt_sigaction(SIGHUP, {SIG_IGN, [], SA_RESTORER, 0x7f9157972510}, NULL, 8) = 0
20372 17:02:10 rt_sigaction(SIGHUP, NULL, {SIG_IGN, [], SA_RESTORER, 0x7f9157972510}, 8) = 0
20372 17:02:10 rt_sigaction(SIGHUP, {0x7f9158f66d10, [], SA_RESTORER, 0x7f9157972510}, NULL, 8) = 0
20372 17:02:10 rt_sigaction(SIGINT, NULL, {SIG_DFL, [], SA_RESTORER, 0x7f9157972510}, 8) = 0
20372 17:02:10 rt_sigaction(SIGINT, {SIG_IGN, [], SA_RESTORER, 0x7f9157972510}, NULL, 8) = 0
20372 17:02:10 rt_sigaction(SIGINT, NULL, {SIG_IGN, [], SA_RESTORER, 0x7f9157972510}, 8) = 0
20372 17:02:10 rt_sigaction(SIGINT, {0x7f9158f66d10, [], SA_RESTORER, 0x7f9157972510}, NULL, 8) = 0
20372 17:02:10 rt_sigaction(SIGQUIT, NULL, {SIG_DFL, [], SA_RESTORER, 0x7f9157972510}, 8) = 0
20372 17:02:10 rt_sigaction(SIGQUIT, {SIG_IGN, [], SA_RESTORER, 0x7f9157972510}, NULL, 8) = 0
20372 17:02:10 rt_sigaction(SIGQUIT, NULL, {SIG_IGN, [], SA_RESTORER, 0x7f9157972510}, 8) = 0
20372 17:02:10 rt_sigaction(SIGQUIT, {0x7f9158f66d10, [], SA_RESTORER, 0x7f9157972510}, NULL, 8) = 0
20372 17:02:10 rt_sigaction(SIGTERM, NULL, {SIG_DFL, [], SA_RESTORER, 0x7f9157972510}, 8) = 0
20372 17:02:10 rt_sigaction(SIGTERM, {SIG_IGN, [], SA_RESTORER, 0x7f9157972510}, NULL, 8) = 0
20372 17:02:10 rt_sigaction(SIGTERM, NULL, {SIG_IGN, [], SA_RESTORER, 0x7f9157972510}, 8) = 0
20372 17:02:10 rt_sigaction(SIGTERM, {0x7f9158f66d10, [], SA_RESTORER, 0x7f9157972510}, NULL, 8) = 0
20372 17:02:10 rt_sigaction(SIGWINCH, NULL, {SIG_DFL, [], 0}, 8) = 0
20372 17:02:10 rt_sigaction(SIGWINCH, {0x7f9158f67120, [], SA_RESTORER, 0x7f9157972510}, NULL, 8) = 0
20372 17:02:10 ioctl(0, SNDCTL_TMR_TIMEBASE or SNDRV_TIMER_IOCTL_NEXT_DEVICE or TCGETS, {B38400 opost isig icanon echo ...}) = 0
20372 17:02:10 ioctl(0, SNDCTL_TMR_STOP or SNDRV_TIMER_IOCTL_GINFO or TCSETSW, {B38400 -opost -isig -icanon -echo ...}) = 0
20372 17:02:10 select(7, [3], [3], NULL, NULL) = 1 (out [3])
20372 17:02:10 write(3, "i\324T\313B\273\250\230\377\364eTb\2243\250<O\355\374\253q\234\6\235'{\222\202\266\255d"..., 112) = 112
20372 17:02:10 select(7, [3], [], NULL, NULL) = 1 (in [3])
20372 17:02:10 read(3, "\316\341\272\271\2452\235fA\341E\363m`\224[{\333D\"\20!`\241\314\231!\237\32V\375\377"..., 8192) = 40
20372 17:02:10 getsockopt(3, SOL_TCP, TCP_NODELAY, [0], [4]) = 0
20372 17:02:10 setsockopt(3, SOL_TCP, TCP_NODELAY, [1], 4) = 0
20372 17:02:10 getsockname(3, {sa_family=AF_INET, sin_port=htons(35538), sin_addr=inet_addr("192.168.1.168")}, [16]) = 0
20372 17:02:10 setsockopt(3, SOL_IP, IP_TOS, [16], 4) = 0
20372 17:02:10 ioctl(0, TIOCGWINSZ, {ws_row=28, ws_col=94, ws_xpixel=0, ws_ypixel=0}) = 0
20372 17:02:10 select(7, [3], [3], NULL, NULL) = 1 (out [3])
20372 17:02:10 write(3, "F\327%\246\307\217\254Z\3129\202x\233\370\223\257}\254\303\10\0\326t\307B\2333\210\226xR\365"..., 368) = 368
20372 17:02:10 select(7, [3], [], NULL, NULL) = 1 (in [3])
20372 17:02:10 read(3, "\321\32\7\326\342\214\25M\316\216y\vr\vi\236S5\4\353\247\245\34\241\234#V[\343\r5\306"..., 8192) = 88
20372 17:02:10 select(7, [3 4], [], NULL, NULL) = 1 (in [3])
20372 17:02:10 read(3, "-\2044|\241\350>\362\35#\340\221L\366Y\202\370;\r7Q:\210\305\217ay\251\36\240\344h"..., 8192) = 88
20372 17:02:10 select(7, [3 4], [5], NULL, NULL) = 1 (out [5])
20372 17:02:10 write(5, "Last login: Tue Apr 10 14:40:34 "..., 58) = 58
20372 17:02:10 select(7, [3 4], [], NULL, NULL) = 1 (in [3])
20372 17:02:11 read(3, "Z\342\206\361UVvU)=\2460m\364\356\261\234~2\263\243\375.\337e$e\261\37w\327\322"..., 8192) = 40
20372 17:02:11 select(7, [3 4], [5], NULL, NULL) = 1 (out [5])
20372 17:02:11 write(5, "[root@vm1 ~]# ", 14) = 14
20372 17:02:11 select(7, [3 4], [], NULL, NULL) = 1 (in [4])
20372 17:02:12 read(4, "i", 16384)      = 1
20372 17:02:12 select(7, [3 4], [3], NULL, NULL) = 1 (out [3])
20372 17:02:12 write(3, "\342R\203\16\16M\226Z\217^(\240*\242}\371\230Q\0\245\2466\322\214m\311\0\327\331\336\31\357"..., 40) = 40
20372 17:02:12 select(7, [3 4], [], NULL, NULL) = 1 (in [3])
20372 17:02:12 read(3, "\213c\363#c\v\217\220\20\10\236`\3545?76T\347\rGY\342\332\241n\350\334Rh\224}"..., 8192) = 40
20372 17:02:12 select(7, [3 4], [5], NULL, NULL) = 1 (out [5])
20372 17:02:12 write(5, "i", 1)         = 1
20372 17:02:12 select(7, [3 4], [], NULL, NULL) = 1 (in [4])
20372 17:02:12 read(4, "p", 16384)      = 1
20372 17:02:12 select(7, [3 4], [3], NULL, NULL) = 1 (out [3])
20372 17:02:12 write(3, "r\250&6\204\0\262\"4,\220\201\237H\346\210\311\356A\275PK\10\31\274\304on\35\250\342\257"..., 40) = 40
20372 17:02:12 select(7, [3 4], [], NULL, NULL) = 1 (in [3])
20372 17:02:12 read(3, "kf\315\212\324\217\201A\266r\311\220\3\23M\177\223\277l\372\25M\313\2365q\222\225las*"..., 8192) = 40
20372 17:02:12 select(7, [3 4], [5], NULL, NULL) = 1 (out [5])
20372 17:02:12 write(5, "p", 1)         = 1
20372 17:02:12 select(7, [3 4], [], NULL, NULL) = 1 (in [4])
20372 17:02:12 read(4, " ", 16384)      = 1
20372 17:02:12 select(7, [3 4], [3], NULL, NULL) = 1 (out [3])
20372 17:02:12 write(3, "W\301\376\4\233L\360\347\364\263\365\210\301\257\371\223\271\267\364Z\4$\203\256j\fn\31i\274\304\376"..., 40) = 40
20372 17:02:12 select(7, [3 4], [], NULL, NULL) = 1 (in [3])
20372 17:02:12 read(3, "\262\325\24\256 1\213\3@*\304\242\230Y\223\202L\360\2229c\303~\344SZW\32\222u\225\211"..., 8192) = 40
20372 17:02:12 select(7, [3 4], [5], NULL, NULL) = 1 (out [5])
20372 17:02:12 write(5, " ", 1)         = 1
20372 17:02:12 select(7, [3 4], [], NULL, NULL) = 1 (in [4])
20372 17:02:12 read(4, "a", 16384)      = 1
20372 17:02:12 select(7, [3 4], [3], NULL, NULL) = 1 (out [3])
20372 17:02:12 write(3, "U\34\320\325U\234\256\263\360\317\235\354\266S\220\25_4w\267~X\210\302\254/g&@\252Q\334"..., 40) = 40
20372 17:02:12 select(7, [3 4], [], NULL, NULL) = 1 (in [3])
20372 17:02:12 read(3, "BG\244\2777\300\376\224\236\373\323\335\36\6\304\220V\303G\340\303o\5\226\361\232\0246C\217\343\17"..., 8192) = 40
20372 17:02:12 select(7, [3 4], [5], NULL, NULL) = 1 (out [5])
20372 17:02:12 write(5, "a", 1)         = 1
20372 17:02:12 select(7, [3 4], [], NULL, NULL) = 1 (in [4])
20372 17:02:12 read(4, "\r", 16384)     = 1
20372 17:02:12 select(7, [3 4], [3], NULL, NULL) = 1 (out [3])
20372 17:02:12 write(3, "\224\4\256\317\341\236BH5\21\214\237\302b\335\362\33B\226.\17\3140e\0G\355\10SH\335\275"..., 40) = 40
20372 17:02:12 select(7, [3 4], [], NULL, NULL) = 1 (in [3])
20372 17:02:12 read(3, "\254 \226\3717\370\314%*w\325\335N\330\254\6\235e\31\fN\302\352\223\0\347\261%a\260\207I"..., 8192) = 40
20372 17:02:12 select(7, [3 4], [5], NULL, NULL) = 1 (out [5])
20372 17:02:12 write(5, "\r\n", 2)      = 2
20372 17:02:12 select(7, [3 4], [], NULL, NULL) = 1 (in [3])
20372 17:02:12 read(3, "\261\213*\221\23\2721\335\345\271A2jh\235\251o\377uN\313 0\255NM\21\207A\222\27\274"..., 8192) = 168
20372 17:02:12 select(7, [3 4], [5], NULL, NULL) = 1 (out [5])
20372 17:02:12 write(5, "1: lo: <LOOPBACK,UP,LOWER_UP> mt"..., 129) = 129
20372 17:02:12 select(7, [3 4], [], NULL, NULL) = 1 (in [3])
20372 17:02:12 read(3, "\327\231m\rA)\21\253JId)\3510\0\214}\344)\220\202\1\314\207NU\351\203\5Y\237\236"..., 8192) = 360
20372 17:02:12 select(7, [3 4], [5], NULL, NULL) = 1 (out [5])
20372 17:02:12 write(5, "    inet 127.0.0.1/8 scope host "..., 322) = 322
20372 17:02:12 select(7, [3 4], [], NULL, NULL) = 1 (in [3])
20372 17:02:12 read(3, "Ng)|\371\237C\354\34\362\327\222\243Ii;\377\30\310S\244\262\21\330\270jUC\325\250N\20"..., 8192) = 456
20372 17:02:12 select(7, [3 4], [5], NULL, NULL) = 1 (out [5])
20372 17:02:12 write(5, "    inet6 fe80::5054:ff:fe29:6f3"..., 418) = 418
20372 17:02:12 select(7, [3 4], [], NULL, NULL) = 1 (in [4])
20372 17:02:13 read(4, "d", 16384)      = 1
20372 17:02:13 select(7, [3 4], [3], NULL, NULL) = 1 (out [3])
20372 17:02:13 write(3, "l9k-\265-\277j\316V\345\24\36[\275&[\373)\265\24\236\200\337\245/\275O_\r\27\224"..., 40) = 40
20372 17:02:13 select(7, [3 4], [], NULL, NULL) = 1 (in [3])
20372 17:02:13 read(3, "\211\206\32\r\210\247\323\203\323\254\2\334w\322\232\306E\213*uY\343\263\221!\272\337\310\351\214\254\264"..., 8192) = 40
20372 17:02:13 select(7, [3 4], [5], NULL, NULL) = 1 (out [5])
20372 17:02:13 write(5, "d", 1)         = 1
20372 17:02:13 select(7, [3 4], [], NULL, NULL) = 1 (in [4])
20372 17:02:13 read(4, "f", 16384)      = 1
20372 17:02:13 select(7, [3 4], [3], NULL, NULL) = 1 (out [3])
20372 17:02:13 write(3, "8&2\3337\333\21\260\371\234\337\245gyp\17\230\357!0\274Z\355\256\220Z\371\277\215\251\332u"..., 40) = 40
20372 17:02:13 select(7, [3 4], [], NULL, NULL) = 1 (in [3])
20372 17:02:13 read(3, "h\236\1E\vw\34\305\300\7\354\224\2631\347\35\t\0\214nT\2\25\311\231\222\25x]\321~q"..., 8192) = 40
20372 17:02:13 select(7, [3 4], [5], NULL, NULL) = 1 (out [5])
20372 17:02:13 write(5, "f", 1)         = 1
20372 17:02:13 select(7, [3 4], [], NULL, NULL) = 1 (in [4])
20372 17:02:13 read(4, " ", 16384)      = 1
20372 17:02:13 select(7, [3 4], [3], NULL, NULL) = 1 (out [3])
20372 17:02:13 write(3, "\4'h\3uH\200\255\316\227\210\364\334 \315\233J\221>a\251m\351\17\306\256\345\n)J\31 "..., 40) = 40
20372 17:02:13 select(7, [3 4], [], NULL, NULL) = 1 (in [3])
20372 17:02:13 read(3, "F\307\326\267\232\5\331I\257\332\355nF\v\36@\371\226\23\225\327l\16m\32k`I|\200\257<"..., 8192) = 40
20372 17:02:13 select(7, [3 4], [5], NULL, NULL) = 1 (out [5])
20372 17:02:13 write(5, " ", 1)         = 1
20372 17:02:13 select(7, [3 4], [], NULL, NULL) = 1 (in [4])
20372 17:02:13 read(4, "-", 16384)      = 1
20372 17:02:13 select(7, [3 4], [3], NULL, NULL) = 1 (out [3])
20372 17:02:13 write(3, "\214\206\216\226\272)\35\375\303\305\306FUD\24\t\330\340c\315\347\3650\305C\345\341\2\330.{'"..., 40) = 40
20372 17:02:13 select(7, [3 4], [], NULL, NULL) = 1 (in [3])
20372 17:02:13 read(3, "\246\234\5\372\24\"\307_\203\221S\351\23)}lb\322\230y\330u\327\307\272\231\3\f\3\316xK"..., 8192) = 40
20372 17:02:13 select(7, [3 4], [5], NULL, NULL) = 1 (out [5])
20372 17:02:13 write(5, "-", 1)         = 1
20372 17:02:13 select(7, [3 4], [], NULL, NULL) = 1 (in [4])
20372 17:02:14 read(4, "h", 16384)      = 1
20372 17:02:14 select(7, [3 4], [3], NULL, NULL) = 1 (out [3])
20372 17:02:14 write(3, "F\240\337s\0w\311\340C[\1\22\271\313\372\n\24\271w\314\246DQwf\375\215\265x\341\356\357"..., 40) = 40
20372 17:02:14 select(7, [3 4], [], NULL, NULL) = 1 (in [3])
20372 17:02:14 read(3, "\350\330\321K\f\377&M\302#A\340\221\20\242@\1\256\235\332\303\360i\0265\1G\3.\6\274\344"..., 8192) = 40
20372 17:02:14 select(7, [3 4], [5], NULL, NULL) = 1 (out [5])
20372 17:02:14 write(5, "h", 1)         = 1
20372 17:02:14 select(7, [3 4], [], NULL, NULL) = 1 (in [4])
20372 17:02:14 read(4, "\r", 16384)     = 1
20372 17:02:14 select(7, [3 4], [3], NULL, NULL) = 1 (out [3])
20372 17:02:14 write(3, "\332xF\277NZ\205\301\307\31\211c\307}\24\254E\263U\267\346\372#\322Q\210\"\377\215\372\211t"..., 40) = 40
20372 17:02:14 select(7, [3 4], [], NULL, NULL) = 1 (in [3])
20372 17:02:14 read(3, "\24\240\331\257\342\354@\24NVV\371\364\343\340\361N\361\345\233]p\214\33\213\222b\37\214:\361J"..., 8192) = 40
20372 17:02:14 select(7, [3 4], [5], NULL, NULL) = 1 (out [5])
20372 17:02:14 write(5, "\r\n", 2)      = 2
20372 17:02:14 select(7, [3 4], [], NULL, NULL) = 1 (in [3])
20372 17:02:14 read(3, "\226\261RT\225?\323\367\305\32\332\207:\365\360C\23\302\37\225r\324\336H\223\276\240\217n\370\243\214"..., 8192) = 280
20372 17:02:14 select(7, [3 4], [5], NULL, NULL) = 1 (out [5])
20372 17:02:14 write(5, "\316\304\274\376\317\265\315\263\t      \310\335\301\277  \322\321\323\303  \277\311\323\303 "..., 241) = 241
20372 17:02:14 select(7, [3 4], [], NULL, NULL) = 1 (in [4])
20372 17:02:14 read(4, "e", 16384)      = 1
20372 17:02:14 select(7, [3 4], [3], NULL, NULL) = 1 (out [3])
20372 17:02:14 write(3, "or\177+\274\367\330\243\0lg\254\336\206\25\17\355\375t\367\23`\177>5^\356\251\227|*\16"..., 40) = 40
20372 17:02:14 select(7, [3 4], [], NULL, NULL) = 1 (in [3])
20372 17:02:14 read(3, "\210_3C\333\341\370\235`\271;X\317s\347{\332E.1A\0201x\255S ;\262\373\274\343"..., 8192) = 40
20372 17:02:14 select(7, [3 4], [5], NULL, NULL) = 1 (out [5])
20372 17:02:14 write(5, "e", 1)         = 1
20372 17:02:14 select(7, [3 4], [], NULL, NULL) = 1 (in [4])
20372 17:02:14 read(4, "x", 16384)      = 1
20372 17:02:14 select(7, [3 4], [3], NULL, NULL) = 1 (out [3])
20372 17:02:14 write(3, "R\325\314fJ\22\254\2703\242z\10&\36\3778\252\303\374\204\340JR\250\3\350u(\375\23\31\332"..., 40) = 40
20372 17:02:14 select(7, [3 4], [], NULL, NULL) = 1 (in [3])
20372 17:02:14 read(3, "aJ\375WF.f\335`\25\351\216\345\204\213\10U\\)\1\256\25\344\317\ng\227\353\37\342e\336"..., 8192) = 40
20372 17:02:14 select(7, [3 4], [5], NULL, NULL) = 1 (out [5])
20372 17:02:14 write(5, "x", 1)         = 1
20372 17:02:14 select(7, [3 4], [], NULL, NULL) = 1 (in [4])
20372 17:02:14 read(4, "i", 16384)      = 1
20372 17:02:14 select(7, [3 4], [3], NULL, NULL) = 1 (out [3])
20372 17:02:14 write(3, ",o\273\366\10\266\03603\250\272{\7\247w|\36S\327j\346\213\206\203\33\320\231g\271\225\300u"..., 40) = 40
20372 17:02:14 select(7, [3 4], [], NULL, NULL) = 1 (in [3])
20372 17:02:14 read(3, "Ab\243|7\256\332\3\36\335\313\360\342\331@O91\350\314\246\204/=\315\10\314\342\271\200*\33"..., 8192) = 40
20372 17:02:14 select(7, [3 4], [5], NULL, NULL) = 1 (out [5])
20372 17:02:14 write(5, "i", 1)         = 1
20372 17:02:14 select(7, [3 4], [], NULL, NULL) = 1 (in [4])
20372 17:02:14 read(4, "t", 16384)      = 1
20372 17:02:14 select(7, [3 4], [3], NULL, NULL) = 1 (out [3])
20372 17:02:14 write(3, "&f\352\275+{#\f\20R/<p\323\264\210\23%\216\315\363Iy\36\3429\237\r\210w\31\363"..., 40) = 40
20372 17:02:14 select(7, [3 4], [], NULL, NULL) = 1 (in [3])
20372 17:02:14 read(3, "\357\372\304\302\271Ea\212:\350-\260\177\355r>\266\362\5u\201\375\310\17\241\252\247\277d\325\205\350"..., 8192) = 40
20372 17:02:14 select(7, [3 4], [5], NULL, NULL) = 1 (out [5])
20372 17:02:14 write(5, "t", 1)         = 1
20372 17:02:14 select(7, [3 4], [], NULL, NULL) = 1 (in [4])
20372 17:02:15 read(4, "\r", 16384)     = 1
20372 17:02:15 select(7, [3 4], [3], NULL, NULL) = 1 (out [3])
20372 17:02:15 write(3, "X\311$\341\32C\357\10\221a\337\335M\306q\234@\217\24V\273g\214\344\300\347K\0109g\301\27"..., 40) = 40
20372 17:02:15 select(7, [3 4], [], NULL, NULL) = 1 (in [3])
20372 17:02:15 read(3, "r\36e,\2104c\212\372\370\321\33)\200jQ{\263=\267\32!\350l\267\7\212\250\6\330W\4"..., 8192) = 40
20372 17:02:15 select(7, [3 4], [5], NULL, NULL) = 1 (out [5])
20372 17:02:15 write(5, "\r\n", 2)      = 2
20372 17:02:15 select(7, [3 4], [], NULL, NULL) = 1 (in [3])
20372 17:02:15 read(3, "[u\312{\3732\35\177\230A\263\270\\\200\20]\276\353\302\331)|S\35\300Z\372\271x\243\350."..., 8192) = 40
20372 17:02:15 select(7, [3 4], [5], NULL, NULL) = 1 (out [5])
20372 17:02:15 write(5, "logout\r\n", 8) = 8
20372 17:02:15 select(7, [3 4], [], NULL, NULL) = 1 (in [3])
20372 17:02:15 read(3, "\367\26\326\331q|$!\255P\245\250\357.4\206A!li\32C\310\361", 8192) = 24
20372 17:02:15 close(5)                 = 0
20372 17:02:15 select(7, [3 4], [], NULL, NULL) = 1 (in [3])
20372 17:02:15 read(3, "\254\317\330b \372\331Z\27\347Sd\323\265\30Zwm\235.~\2200\30N\1\217\236\30\316\2\31"..., 8192) = 136
20372 17:02:15 close(4)                 = 0
20372 17:02:15 ioctl(0, SNDCTL_TMR_STOP or SNDRV_TIMER_IOCTL_GINFO or TCSETSW, {B38400 opost isig icanon echo ...}) = 0
20372 17:02:15 close(6)                 = 0
20372 17:02:15 select(7, [3], [3], NULL, NULL) = 1 (out [3])
20372 17:02:15 write(3, "\314\344\327\233u\225\323\252Z\325i\374\341q\5'&\304\265\245\262OD\224", 24) = 24
20372 17:02:15 rt_sigaction(SIGWINCH, NULL, {0x7f9158f67120, [], SA_RESTORER, 0x7f9157972510}, 8) = 0
20372 17:02:15 rt_sigaction(SIGWINCH, {SIG_DFL, [], SA_RESTORER, 0x7f9157972510}, NULL, 8) = 0
20372 17:02:15 write(3, "x=\307\177\312\276\316k\256\345\223\335\244r(T\212\362zy\253.\375\204\205\2\251\342\360b\246\252"..., 56) = 56
20372 17:02:15 ioctl(0, SNDCTL_TMR_TIMEBASE or SNDRV_TIMER_IOCTL_NEXT_DEVICE or TCGETS, {B38400 opost isig icanon echo ...}) = 0
20372 17:02:15 ioctl(1, SNDCTL_TMR_TIMEBASE or SNDRV_TIMER_IOCTL_NEXT_DEVICE or TCGETS, {B38400 opost isig icanon echo ...}) = 0
20372 17:02:15 ioctl(2, SNDCTL_TMR_TIMEBASE or SNDRV_TIMER_IOCTL_NEXT_DEVICE or TCGETS, {B38400 opost isig icanon echo ...}) = 0
20372 17:02:15 write(2, "Connection to 192.168.1.21 close"..., 36) = 36
20372 17:02:15 shutdown(3, SHUT_RDWR)   = 0
20372 17:02:15 close(3)                 = 0
20372 17:02:15 exit_group(0)            = ?
20372 17:02:15 +++ exited with 0 +++
