12686 15:19:57 select(7, [3 4], [], NULL, NULL) = 1 (in [4])
12686 15:20:09 read(4, "i", 16384)      = 1
12686 15:20:09 select(7, [3 4], [3], NULL, NULL) = 1 (out [3])
12686 15:20:09 write(3, "\277\0030\265\335\n\345\350R\35\222\274\214\344\267\22\366\230^\215\374h\20 \277\324A\341\323\364\261\306"..., 40) = 40
12686 15:20:09 select(7, [3 4], [], NULL, NULL) = 1 (in [3])
12686 15:20:09 read(3, "\224z\310\346\264+-*it\265x\233\325q\7\373h\6A\222\214\215bl\317Ntl\373\321\22"..., 8192) = 40
12686 15:20:09 select(7, [3 4], [5], NULL, NULL) = 1 (out [5])
12686 15:20:09 write(5, "i", 1)         = 1
12686 15:20:09 select(7, [3 4], [], NULL, NULL) = 1 (in [4])
12686 15:20:09 read(4, "p", 16384)      = 1
12686 15:20:09 select(7, [3 4], [3], NULL, NULL) = 1 (out [3])
12686 15:20:09 write(3, "\21\r\277\316\371#\202\4m3/~\25\265\206B7\357[\31H\312O\312,\352\271\203\32\344\222P"..., 40) = 40
12686 15:20:09 select(7, [3 4], [], NULL, NULL) = 1 (in [3])
12686 15:20:09 read(3, "&c4\30\377y2\f\253%\224\241\r\20\21\237\275N\0x\30\365\352\366;T$z\201}\343\23"..., 8192) = 40
12686 15:20:09 select(7, [3 4], [5], NULL, NULL) = 1 (out [5])
12686 15:20:09 write(5, "p", 1)         = 1
12686 15:20:09 select(7, [3 4], [], NULL, NULL) = 1 (in [4])
12686 15:20:09 read(4, " ", 16384)      = 1
12686 15:20:09 select(7, [3 4], [3], NULL, NULL) = 1 (out [3])
12686 15:20:09 write(3, "Q\21ng\\\242\256\352\346\303\366\177\303\255\214\337\302\\Z*\233LKq\270@o\352\25\324p\320"..., 40) = 40
12686 15:20:09 select(7, [3 4], [], NULL, NULL) = 1 (in [3])
12686 15:20:09 read(3, "\332F\272L\337\275\215\214+\201k\27\261_\305\1\273\377 @`\241:'\235\265\314l\311\353t)"..., 8192) = 40
12686 15:20:09 select(7, [3 4], [5], NULL, NULL) = 1 (out [5])
12686 15:20:09 write(5, " ", 1)         = 1
12686 15:20:09 select(7, [3 4], [], NULL, NULL) = 1 (in [4])
12686 15:20:09 read(4, "a", 16384)      = 1
12686 15:20:09 select(7, [3 4], [3], NULL, NULL) = 1 (out [3])
12686 15:20:09 write(3, "\346\10`\373!\4\v\272\3734LPi\231\254\36\347\32)\na\365O\231qH?\336$\303V\246"..., 40) = 40
12686 15:20:09 select(7, [3 4], [], NULL, NULL) = 1 (in [3])
12686 15:20:09 read(3, "\215\272\313\321o\273lBP\203\20s\267#nqM\253~\232\273\34\322\274\376{\315\314h\3\364u"..., 8192) = 40
12686 15:20:09 select(7, [3 4], [5], NULL, NULL) = 1 (out [5])
12686 15:20:09 write(5, "a", 1)         = 1
12686 15:20:09 select(7, [3 4], [], NULL, NULL) = 1 (in [4])
12686 15:20:09 read(4, "\r", 16384)     = 1
12686 15:20:09 select(7, [3 4], [3], NULL, NULL) = 1 (out [3])
12686 15:20:09 write(3, "\317\273\362\350\201\21(\224\225^!\337\"=\273\17j\331\266'1\10\320\10\303\35\fzF\10\367F"..., 40) = 40
12686 15:20:09 select(7, [3 4], [], NULL, NULL) = 1 (in [3])
12686 15:20:09 read(3, "\307\7\242/@V\371\302\177\20\24\"V,\335\366\33w^Z?n\325\214v\240i}Co\\/"..., 8192) = 40
12686 15:20:09 select(7, [3 4], [5], NULL, NULL) = 1 (out [5])
12686 15:20:09 write(5, "\r\n", 2)      = 2
12686 15:20:09 select(7, [3 4], [], NULL, NULL) = 1 (in [3])
12686 15:20:09 read(3, "\254\315W%\343cR\307\f\226\217`\362\311\357\25\275\362a\266g\344\340\217=j\201f\222\205\312\330"..., 8192) = 168
12686 15:20:09 select(7, [3 4], [5], NULL, NULL) = 1 (out [5])
12686 15:20:09 write(5, "1: lo: <LOOPBACK,UP,LOWER_UP> mt"..., 129) = 129
12686 15:20:09 select(7, [3 4], [], NULL, NULL) = 1 (in [3])
12686 15:20:09 read(3, "\262\366\4Pm\6\247\236Av5W\n{\265\265\2376\6\34{%\201t'\200cCN\226he"..., 8192) = 760
12686 15:20:09 select(7, [3 4], [5], NULL, NULL) = 1 (out [5])
12686 15:20:09 write(5, "    inet 127.0.0.1/8 scope host "..., 726) = 726
12686 15:20:09 select(7, [3 4], [], NULL, NULL) = 1 (in [3])
12686 15:20:09 read(3, ":\211\nw\36\25\32[\204r}\37\245\227\n\16O\222i\253^\212\204\333\274]\232\3616\377]l"..., 8192) = 40
12686 15:20:09 select(7, [3 4], [5], NULL, NULL) = 1 (out [5])
12686 15:20:09 write(5, "[root@vm1 ~]# ", 14) = 14
12686 15:20:09 select(7, [3 4], [], NULL, NULL) = 1 (in [4])
12686 15:20:10 read(4, "d", 16384)      = 1
12686 15:20:10 select(7, [3 4], [3], NULL, NULL) = 1 (out [3])
12686 15:20:10 write(3, "\213\fS\250\335\252\236\215+U\201\263:\210\375\256 \363\2570\356\304\256\177\353\16\230\"\32\325K\226"..., 40) = 40
12686 15:20:10 select(7, [3 4], [], NULL, NULL) = 1 (in [3])
12686 15:20:10 read(3, "HA\276\326U|]k\33f;pj\0256\0\3225f\25\213a\223\261b\321x\273\276\341T\37"..., 8192) = 40
12686 15:20:10 select(7, [3 4], [5], NULL, NULL) = 1 (out [5])
12686 15:20:10 write(5, "d", 1)         = 1
12686 15:20:10 select(7, [3 4], [], NULL, NULL) = 1 (in [4])
12686 15:20:10 read(4, "f", 16384)      = 1
12686 15:20:10 select(7, [3 4], [3], NULL, NULL) = 1 (out [3])
12686 15:20:10 write(3, "q\0337 q\224e!\271\233i\26\262\246\0161\00703\r\250D\360\347O\221\210e\332\230\2714"..., 40) = 40
12686 15:20:10 select(7, [3 4], [], NULL, NULL) = 1 (in [3])
12686 15:20:10 read(3, "\255\223\235?\357\242/\340\353=\321|\232M\252\260\35\262X\3530\203^^\32<@\206\3377\260\305"..., 8192) = 40
12686 15:20:10 select(7, [3 4], [5], NULL, NULL) = 1 (out [5])
12686 15:20:10 write(5, "f", 1)         = 1
12686 15:20:10 select(7, [3 4], [], NULL, NULL) = 1 (in [4])
12686 15:20:10 read(4, " ", 16384)      = 1
12686 15:20:10 select(7, [3 4], [3], NULL, NULL) = 1 (out [3])
12686 15:20:10 write(3, "\211\213\200\333\235\0KN\3112V()\246\251Cov\202\2030\0\324\345^\20\233\"j\212\350!"..., 40) = 40
12686 15:20:10 select(7, [3 4], [], NULL, NULL) = 1 (in [3])
12686 15:20:10 read(3, "\276\365\20\377\363\273\303)\332\302\370J\262\362Y-24n'<P\237\341\305\203\334\343\345\206\312\336"..., 8192) = 40
12686 15:20:10 select(7, [3 4], [5], NULL, NULL) = 1 (out [5])
12686 15:20:10 write(5, " ", 1)         = 1
12686 15:20:10 select(7, [3 4], [], NULL, NULL) = 1 (in [4])
12686 15:20:10 read(4, "-", 16384)      = 1
12686 15:20:10 select(7, [3 4], [3], NULL, NULL) = 1 (out [3])
12686 15:20:10 write(3, "?\225\202\2158\253wL\f\232Z0P`x\v\257\272\7\17w\355#\26X\200\311v\226\255N\5"..., 40) = 40
12686 15:20:10 select(7, [3 4], [], NULL, NULL) = 1 (in [3])
12686 15:20:10 read(3, "\243;\267\34\225\300\350\3108\1S\332\306WQ\10'\351\214\365zB\200\v*c\271\363\36\332Ff"..., 8192) = 40
12686 15:20:10 select(7, [3 4], [5], NULL, NULL) = 1 (out [5])
12686 15:20:10 write(5, "-", 1)         = 1
12686 15:20:10 select(7, [3 4], [], NULL, NULL) = 1 (in [4])
12686 15:20:10 read(4, "h", 16384)      = 1
12686 15:20:10 select(7, [3 4], [3], NULL, NULL) = 1 (out [3])
12686 15:20:10 write(3, "\300<\337}\365o\243\362\\\313\330{T\215_\ry\232\215\261\235\306%\355\200=\n\2248\267\365\354"..., 40) = 40
12686 15:20:10 select(7, [3 4], [], NULL, NULL) = 1 (in [3])
12686 15:20:10 read(3, "3#\362\257\327\317\343~st\204&\276n;\336\263V\16&\357#A\343\261\302F\272B\344\222S"..., 8192) = 40
12686 15:20:10 select(7, [3 4], [5], NULL, NULL) = 1 (out [5])
12686 15:20:10 write(5, "h", 1)         = 1
12686 15:20:10 select(7, [3 4], [], NULL, NULL) = 1 (in [4])
12686 15:20:10 read(4, "\r", 16384)     = 1
12686 15:20:10 select(7, [3 4], [3], NULL, NULL) = 1 (out [3])
12686 15:20:10 write(3, "\331)\220\362\27D\263\207>\306A\341Y\356\306\\\333h\310\311\342:G_p\244^!|E5\226"..., 40) = 40
12686 15:20:10 select(7, [3 4], [], NULL, NULL) = 1 (in [3])
12686 15:20:10 read(3, "\371\343 \23)\26#|\6*\244\7\375\365lB\326d\16\250\320\231\331\204\315\365\3210\366\363\364\33"..., 8192) = 40
12686 15:20:10 select(7, [3 4], [5], NULL, NULL) = 1 (out [5])
12686 15:20:10 write(5, "\r\n", 2)      = 2
12686 15:20:10 select(7, [3 4], [], NULL, NULL) = 1 (in [3])
12686 15:20:10 read(3, "\344\205O\343}-\264\204\337\226oX\226\233@a\34\213\314\307\340C`m#\20xJ6\352\201\333"..., 8192) = 264
12686 15:20:10 select(7, [3 4], [5], NULL, NULL) = 1 (out [5])
12686 15:20:10 write(5, "\316\304\274\376\317\265\315\263\t      \310\335\301\277  \322\321\323\303  \277\311\323\303 "..., 227) = 227
12686 15:20:10 select(7, [3 4], [], NULL, NULL) = 1 (in [3])
12686 15:20:10 read(3, "\26\263\230\270\274\t7Z\246\22\253X3\330R\31\312\340\347\207$\rV\2~\272\366\240\333x\351\17"..., 8192) = 40
12686 15:20:10 select(7, [3 4], [5], NULL, NULL) = 1 (out [5])
12686 15:20:10 write(5, "[root@vm1 ~]# ", 14) = 14
12686 15:20:10 select(7, [3 4], [], NULL, NULL) = 1 (in [4])
12686 15:20:11 read(4, "l", 16384)      = 1
12686 15:20:11 select(7, [3 4], [3], NULL, NULL) = 1 (out [3])
12686 15:20:11 write(3, "\262\204\342\23\261\222@\r\307z\376\366UT}\347\255g\277\3508\35\342\336:\206\320\246\301\33\343%"..., 40) = 40
12686 15:20:11 select(7, [3 4], [], NULL, NULL) = 1 (in [3])
12686 15:20:11 read(3, "\23\10\37\273}\7>u\3650\1\35\10\351\255V\7W\200o \252\317Z\216g\237\375S\370\300y"..., 8192) = 40
12686 15:20:11 select(7, [3 4], [5], NULL, NULL) = 1 (out [5])
12686 15:20:11 write(5, "l", 1)         = 1
12686 15:20:11 select(7, [3 4], [], NULL, NULL) = 1 (in [4])
12686 15:20:11 read(4, "l", 16384)      = 1
12686 15:20:11 select(7, [3 4], [3], NULL, NULL) = 1 (out [3])
12686 15:20:11 write(3, "\264J\257iT\221*9y\207k{:\17\323\374^~\341\3652e\337\200\37\302J;\200|\352^"..., 40) = 40
12686 15:20:11 select(7, [3 4], [], NULL, NULL) = 1 (in [3])
12686 15:20:11 read(3, "Y\ro\277\264\367\211b\3318o\201,\337\221\306\323\333)\263\201\243\332I\232v\35\250\272\310\343\2"..., 8192) = 40
12686 15:20:11 select(7, [3 4], [5], NULL, NULL) = 1 (out [5])
12686 15:20:11 write(5, "l", 1)         = 1
12686 15:20:11 select(7, [3 4], [], NULL, NULL) = 1 (in [4])
12686 15:20:11 read(4, "\r", 16384)     = 1
12686 15:20:11 select(7, [3 4], [3], NULL, NULL) = 1 (out [3])
12686 15:20:11 write(3, "g\236\200\351\337\355V\231dk\263\16\332T\254.\256@=\331\216\f*\250y\302:\5-\246S\344"..., 40) = 40
12686 15:20:11 select(7, [3 4], [], NULL, NULL) = 1 (in [3])
12686 15:20:11 read(3, "\30\335q\1\313\321\2\255\202`\233\367\331\4{\354\215\217\32\360\266\312:>\244-\201\23\370\370D\273"..., 8192) = 40
12686 15:20:11 select(7, [3 4], [5], NULL, NULL) = 1 (out [5])
12686 15:20:11 write(5, "\r\n", 2)      = 2
12686 15:20:11 select(7, [3 4], [], NULL, NULL) = 1 (in [3])
12686 15:20:11 read(3, "\246\321?\353\372\231\322\243\33\323\2114\331\312#\234\271\276\302\246E\340\321~\211\nlr\17\343\216\346"..., 8192) = 1256
12686 15:20:11 select(7, [3 4], [5], NULL, NULL) = 1 (out [5])
12686 15:20:11 write(5, "\327\334\323\303\301\277 108368\r\n-rw-------. 1 roo"..., 1230) = 1230
12686 15:20:11 select(7, [3 4], [], NULL, NULL) = 1 (in [4])
12686 15:20:13 read(4, "t", 16384)      = 1
12686 15:20:13 select(7, [3 4], [3], NULL, NULL) = 1 (out [3])
12686 15:20:13 write(3, "\16\234\224_$\232P\310o\267\311\31\362P\351)\4P\31\212\315\375\216\321\250GH3\315\376S\304"..., 40) = 40
12686 15:20:13 select(7, [3 4], [], NULL, NULL) = 1 (in [3])
12686 15:20:13 read(3, "l\203\7\340\247\301\360\267\234\260\246\34\201\376\356qR\246|Kb\354@E-\201\2372T\325\3026"..., 8192) = 40
12686 15:20:13 select(7, [3 4], [5], NULL, NULL) = 1 (out [5])
12686 15:20:13 write(5, "t", 1)         = 1
12686 15:20:13 select(7, [3 4], [], NULL, NULL) = 1 (in [4])
12686 15:20:13 read(4, "o", 16384)      = 1
12686 15:20:13 select(7, [3 4], [3], NULL, NULL) = 1 (out [3])
12686 15:20:13 write(3, "`\346\n\336r\n\322lP\23*p\256m|\334\364\356\1ONA\332\232i\0\230\266\212k[\314"..., 40) = 40
12686 15:20:13 select(7, [3 4], [], NULL, NULL) = 1 (in [3])
12686 15:20:13 read(3, "\314MMir~\2G\265\356\302:\374\366F&\364 tFlE\365\0\3738_\274\314\27ro"..., 8192) = 40
12686 15:20:13 select(7, [3 4], [5], NULL, NULL) = 1 (out [5])
12686 15:20:13 write(5, "o", 1)         = 1
12686 15:20:13 select(7, [3 4], [], NULL, NULL) = 1 (in [4])
12686 15:20:13 read(4, "p", 16384)      = 1
12686 15:20:13 select(7, [3 4], [3], NULL, NULL) = 1 (out [3])
12686 15:20:13 write(3, "\231\260\202wnd\257\215\263e\"\0300*\373\211\240\355\305r+E\0\274\324\rl:;d\3\360"..., 40) = 40
12686 15:20:13 select(7, [3 4], [], NULL, NULL) = 1 (in [3])
12686 15:20:13 read(3, "\265\364\346\17~\10w\350\352\215{\10s\377a\252\322\244V\274w(\305A\232\240\240:\276*\321\34"..., 8192) = 40
12686 15:20:13 select(7, [3 4], [5], NULL, NULL) = 1 (out [5])
12686 15:20:13 write(5, "p", 1)         = 1
12686 15:20:13 select(7, [3 4], [], NULL, NULL) = 1 (in [4])
12686 15:20:13 read(4, "\10", 16384)    = 1
12686 15:20:13 select(7, [3 4], [3], NULL, NULL) = 1 (out [3])
12686 15:20:13 write(3, "q\277\224Vj\302v\253\353\275\217Z:M4:\10\221x\24\250\306\245fl!\7[\332\4\277\7"..., 40) = 40
12686 15:20:13 select(7, [3 4], [], NULL, NULL) = 1 (in [3])
12686 15:20:13 read(3, "]\317\203{o-\255#\231,_\205\302\265\240e\223\226l\20}\364Aho\2\307.GB\307t"..., 8192) = 40
12686 15:20:13 select(7, [3 4], [5], NULL, NULL) = 1 (out [5])
12686 15:20:13 write(5, "\10\33[K", 4)  = 4
12686 15:20:13 select(7, [3 4], [], NULL, NULL) = 1 (in [4])
12686 15:20:14 read(4, "p", 16384)      = 1
12686 15:20:14 select(7, [3 4], [3], NULL, NULL) = 1 (out [3])
12686 15:20:14 write(3, "\312\330\264\303\263\24\367[\30\330\\\260\204\272\367\211B\276 \16m\260\221C\200_aEF\26\316\302"..., 40) = 40
12686 15:20:14 select(7, [3 4], [], NULL, NULL) = 1 (in [3])
12686 15:20:14 read(3, "\217\33\224\32\247\325\345+\216\373\206\270\23\355\324\366\247\326\255\331\0\361Q\205\376U\333\205\371\264\212\202"..., 8192) = 40
12686 15:20:14 select(7, [3 4], [5], NULL, NULL) = 1 (out [5])
12686 15:20:14 write(5, "p", 1)         = 1
12686 15:20:14 select(7, [3 4], [], NULL, NULL) = 1 (in [4])
12686 15:20:14 read(4, "\r", 16384)     = 1
12686 15:20:14 select(7, [3 4], [3], NULL, NULL) = 1 (out [3])
12686 15:20:14 write(3, "\322\224\22\206\320\242\240\324^$\31Z&\177\227:W/]\221a8Q\210\310`\215\7\276\0\"\355"..., 40) = 40
12686 15:20:14 select(7, [3 4], [], NULL, NULL) = 1 (in [3])
12686 15:20:14 read(3, "F\374\21\211\2476\352\371.k\301\365\201\276\276\262;\205\227%A\17\246\277p\34\251\2354\5\4\2"..., 8192) = 40
12686 15:20:14 select(7, [3 4], [5], NULL, NULL) = 1 (out [5])
12686 15:20:14 write(5, "\r\n", 2)      = 2
12686 15:20:14 select(7, [3 4], [], NULL, NULL) = 1 (in [3])
12686 15:20:15 read(3, "\275a\3126\4\217\337\266\315\0\221\17=\307\302\214\6\20\370\323\336S\0045\270\\\0076\245)r\350"..., 8192) = 3896
12686 15:20:15 select(7, [3 4], [5], NULL, NULL) = 1 (out [5])
12686 15:20:15 write(5, "\33[H\33[J\33[0;10mtop - 15:25:34 up 2"..., 3866) = 3866
12686 15:20:15 select(7, [3 4], [], NULL, NULL) = 1 (in [4])
12686 15:20:17 read(4, "q", 16384)      = 1
12686 15:20:17 select(7, [3 4], [3], NULL, NULL) = 1 (out [3])
12686 15:20:17 write(3, "e\261\321\177\33,\207\0220r\206\v\3>4\231\275\365~\361\220\243\36\266\346\201\362\341\6\307\37x"..., 40) = 40
12686 15:20:17 select(7, [3 4], [], NULL, NULL) = 1 (in [3])
12686 15:20:17 read(3, "\357)\30|GX\221{\235\373(\34\265\207\243\201\236s\223\243\336\272W\3038\306\243RdD\361 "..., 8192) = 72
12686 15:20:17 select(7, [3 4], [5], NULL, NULL) = 1 (out [5])
12686 15:20:17 write(5, "\33[29;1H\33[?25h\33[?0c\r\n[root@vm1 ~]"..., 34) = 34
12686 15:20:17 select(7, [3 4], [], NULL, NULL) = 1 (in [4])
12686 15:20:18 read(4, "l", 16384)      = 1
12686 15:20:18 select(7, [3 4], [3], NULL, NULL) = 1 (out [3])
12686 15:20:18 write(3, "^\3\3366\0vb\212<\276]\357\26V\30\235\v\324\371\23\265\333m\357[@T\n\367\350@\330"..., 40) = 40
12686 15:20:18 select(7, [3 4], [], NULL, NULL) = 1 (in [3])
12686 15:20:18 read(3, "\30\0219\257\353zT\253\261m\313\234\220$\204\202/u\253>\n\305\214\371@\207,G\343\22O\362"..., 8192) = 40
12686 15:20:18 select(7, [3 4], [5], NULL, NULL) = 1 (out [5])
12686 15:20:18 write(5, "l", 1)         = 1
12686 15:20:18 select(7, [3 4], [], NULL, NULL) = 1 (in [4])
12686 15:20:18 read(4, "s", 16384)      = 1
12686 15:20:18 select(7, [3 4], [3], NULL, NULL) = 1 (out [3])
12686 15:20:18 write(3, "+\356u\217\320qn0\331\325\261R\366\341\244}\214\303\27Zvj1\343\322\227,5<\354\366b"..., 40) = 40
12686 15:20:18 select(7, [3 4], [], NULL, NULL) = 1 (in [3])
12686 15:20:18 read(3, "\347a\26\303;\311\302\377\311f8\374\260\271=\fa@\265ul\7\263\331\301R\251@\253\325\34K"..., 8192) = 40
12686 15:20:18 select(7, [3 4], [5], NULL, NULL) = 1 (out [5])
12686 15:20:18 write(5, "s", 1)         = 1
12686 15:20:18 select(7, [3 4], [], NULL, NULL) = 1 (in [4])
12686 15:20:18 read(4, "\r", 16384)     = 1
12686 15:20:18 select(7, [3 4], [3], NULL, NULL) = 1 (out [3])
12686 15:20:18 write(3, "\310n\313\3003\220\360\277\24\220M\261\374\2650\276\\e\251\323\247\370\361\377\275)\271B\255\220\277\271"..., 40) = 40
12686 15:20:18 select(7, [3 4], [], NULL, NULL) = 1 (in [3])
12686 15:20:18 read(3, "\17\255\34o0\23\240\262v\305\323\361k\217e\232\227+\220\374\"(\215<\214G\217:\210\253\216:"..., 8192) = 40
12686 15:20:18 select(7, [3 4], [5], NULL, NULL) = 1 (out [5])
12686 15:20:18 write(5, "\r\n", 2)      = 2
12686 15:20:18 select(7, [3 4], [], NULL, NULL) = 1 (in [3])
12686 15:20:18 read(3, "S\353\34\211*GY\32\34\223\246&\236#\32\364L\32\263\300\220x\334=\207\374\10\240\tE\237\324"..., 8192) = 568
12686 15:20:18 select(7, [3 4], [5], NULL, NULL) = 1 (out [5])
12686 15:20:18 write(5, "anaconda-ks.cfg     install.log."..., 537) = 537
12686 15:20:18 select(7, [3 4], [], NULL, NULL) = 1 (in [4])
12686 15:20:18 read(4, "e", 16384)      = 1
12686 15:20:18 select(7, [3 4], [3], NULL, NULL) = 1 (out [3])
12686 15:20:18 write(3, "E\350\205R\244\335-\0066M\360M\321\317r\264\206\340g\364\227\23\365W\177\2252\\\256-F\271"..., 40) = 40
12686 15:20:18 select(7, [3 4], [], NULL, NULL) = 1 (in [3])
12686 15:20:18 read(3, "R\21[\324\343)\r\360L\272R\316i\7'M\226v\26\344}\2723\245=\240p\366\257\r\252\220"..., 8192) = 40
12686 15:20:18 select(7, [3 4], [5], NULL, NULL) = 1 (out [5])
12686 15:20:18 write(5, "e", 1)         = 1
12686 15:20:18 select(7, [3 4], [], NULL, NULL) = 1 (in [4])
12686 15:20:18 read(4, "i", 16384)      = 1
12686 15:20:18 select(7, [3 4], [3], NULL, NULL) = 1 (out [3])
12686 15:20:18 write(3, "\310\5\3\361\352H\330\341\257\304!\316R\352\346\21\370\34C\260\233\204m\362_\216\375\267_X\236\327"..., 40) = 40
12686 15:20:18 select(7, [3 4], [], NULL, NULL) = 1 (in [3])
12686 15:20:18 read(3, "\177mL\200b\203\24/ \355n/\16\376\n\222\363\16\360\2ucdv\33BvV\210\207\250\32"..., 8192) = 40
12686 15:20:18 select(7, [3 4], [5], NULL, NULL) = 1 (out [5])
12686 15:20:18 write(5, "i", 1)         = 1
12686 15:20:18 select(7, [3 4], [], NULL, NULL) = 1 (in [4])
12686 15:20:19 read(4, "t", 16384)      = 1
12686 15:20:19 select(7, [3 4], [3], NULL, NULL) = 1 (out [3])
12686 15:20:19 write(3, "\325=\312\35\372Ne\344\257\210\227\231\314\n\371#$\2406\f\226\201=\315\332=\321'\306(\372\20"..., 40) = 40
12686 15:20:19 select(7, [3 4], [], NULL, NULL) = 1 (in [3])
12686 15:20:19 read(3, "\253\262\376\223\240)\316\214\210G\276XL\300N\311\336\361x\311\217\366\302\213\32\3076\321M \227\214"..., 8192) = 40
12686 15:20:19 select(7, [3 4], [5], NULL, NULL) = 1 (out [5])
12686 15:20:19 write(5, "t", 1)         = 1
12686 15:20:19 select(7, [3 4], [], NULL, NULL) = 1 (in [4])
12686 15:20:19 read(4, "\10", 16384)    = 1
12686 15:20:19 select(7, [3 4], [3], NULL, NULL) = 1 (out [3])
12686 15:20:19 write(3, "\10\31\234\265\374\22\357\351,\2`O\206\306\360\310\224\1\2648\3710 ^\265L\260\376O\236\312\265"..., 40) = 40
12686 15:20:19 select(7, [3 4], [], NULL, NULL) = 1 (in [3])
12686 15:20:19 read(3, "\343\332\202\7\372[\304($v\232\24?\344\36>\24\237O\266\357\37\316Q\265\260\16J\7*K]"..., 8192) = 40
12686 15:20:19 select(7, [3 4], [5], NULL, NULL) = 1 (out [5])
12686 15:20:19 write(5, "\10\33[K", 4)  = 4
12686 15:20:19 select(7, [3 4], [], NULL, NULL) = 1 (in [4])
12686 15:20:19 read(4, "\10", 16384)    = 1
12686 15:20:19 select(7, [3 4], [3], NULL, NULL) = 1 (out [3])
12686 15:20:19 write(3, "~kK\234\364\255q\270\220N\225V\23[\276S\2\307*\264e\335\321\261\317\207\264\240\17\200\327\327"..., 40) = 40
12686 15:20:19 select(7, [3 4], [], NULL, NULL) = 1 (in [3])
12686 15:20:19 read(3, "\r\202\356>\16\342r\340_\f\240\335>\205\267\3003\233\2514\2173\216\277x\23\22`\34};_"..., 8192) = 40
12686 15:20:19 select(7, [3 4], [5], NULL, NULL) = 1 (out [5])
12686 15:20:19 write(5, "\10\33[K", 4)  = 4
12686 15:20:19 select(7, [3 4], [], NULL, NULL) = 1 (in [4])
12686 15:20:20 read(4, "x", 16384)      = 1
12686 15:20:20 select(7, [3 4], [3], NULL, NULL) = 1 (out [3])
12686 15:20:20 write(3, "E\243\355\276Qi\305z\302{\304\307\362\347\1\225\33\321fiM\346\377\251Z\250\211{<\203\246\17"..., 40) = 40
12686 15:20:20 select(7, [3 4], [], NULL, NULL) = 1 (in [3])
12686 15:20:20 read(3, "\351\241S\220\313o\235\216\244\377\6\266\17\244R\237\231\302\207\255\r\310q\240ZE\372O}_\"\315"..., 8192) = 40
12686 15:20:20 select(7, [3 4], [5], NULL, NULL) = 1 (out [5])
12686 15:20:20 write(5, "x", 1)         = 1
12686 15:20:20 select(7, [3 4], [], NULL, NULL) = 1 (in [4])
12686 15:20:20 read(4, "i", 16384)      = 1
12686 15:20:20 select(7, [3 4], [3], NULL, NULL) = 1 (out [3])
12686 15:20:20 write(3, "\23_gk(N\243!Y$\237\32j\317@\331\241x?\\\234\251\346\16\320},\253\35H\351B"..., 40) = 40
12686 15:20:20 select(7, [3 4], [], NULL, NULL) = 1 (in [3])
12686 15:20:20 read(3, "\201\"\200z6\245\373\371|\276\315\211\235\362\217a8\361\231\33\200\264\355YN\17\351\204*\234\315\262"..., 8192) = 40
12686 15:20:20 select(7, [3 4], [5], NULL, NULL) = 1 (out [5])
12686 15:20:20 write(5, "i", 1)         = 1
12686 15:20:20 select(7, [3 4], [], NULL, NULL) = 1 (in [4])
12686 15:20:20 read(4, "t", 16384)      = 1
12686 15:20:20 select(7, [3 4], [3], NULL, NULL) = 1 (out [3])
12686 15:20:20 write(3, "\266\211hm\272>t.\332\2400\236\350Qy\337\314h\317\374<\353\313\362\3134j\375\342\240U\0"..., 40) = 40
12686 15:20:20 select(7, [3 4], [], NULL, NULL) = 1 (in [3])
12686 15:20:20 read(3, "\315\326RsYJ\245v7\24Vp\27\336\336\271@\324\325\v\264Q\267\224s\352\10\320\25\2\315'"..., 8192) = 40
12686 15:20:20 select(7, [3 4], [5], NULL, NULL) = 1 (out [5])
12686 15:20:20 write(5, "t", 1)         = 1
12686 15:20:20 select(7, [3 4], [], NULL, NULL) = 1 (in [4])
12686 15:20:20 read(4, "\r", 16384)     = 1
12686 15:20:20 select(7, [3 4], [3], NULL, NULL) = 1 (out [3])
12686 15:20:20 write(3, "\207\347\27\252\340\254\"\241\213:1V\255\2501\2104\364\2364gB2lh\374?n\353\302\267\354"..., 40) = 40
12686 15:20:20 select(7, [3 4], [], NULL, NULL) = 1 (in [3])
12686 15:20:20 read(3, "\252\277|\263\341\2\242\f\2\247D'\350\324T\310\344\336\335\267\203)Ys\200\373\367\331$&?L"..., 8192) = 40
12686 15:20:20 select(7, [3 4], [5], NULL, NULL) = 1 (out [5])
12686 15:20:20 write(5, "\r\n", 2)      = 2
12686 15:20:20 select(7, [3 4], [], NULL, NULL) = 1 (in [3])
12686 15:20:20 read(3, "\255\354\243'z$\346\245t\4 \177\251\3\n\263\227\21\302\300!\261\317*\363';5i\t\"\\"..., 8192) = 40
12686 15:20:20 select(7, [3 4], [5], NULL, NULL) = 1 (out [5])
12686 15:20:20 write(5, "logout\r\n", 8) = 8
12686 15:20:20 select(7, [3 4], [], NULL, NULL) = 1 (in [3])
12686 15:20:20 read(3, "1*k\376%!\5\304\4\362\221!\205\326\20\321\367\373I\21\300\223F\371nO\326\2504\27\212I"..., 8192) = 160
12686 15:20:20 close(4)                 = 0
12686 15:20:20 close(5)                 = 0
12686 15:20:20 ioctl(0, SNDCTL_TMR_STOP or SNDRV_TIMER_IOCTL_GINFO or TCSETSW, {B38400 opost isig icanon echo ...}) = 0
12686 15:20:20 close(6)                 = 0
12686 15:20:20 select(7, [3], [3], NULL, NULL) = 1 (out [3])
12686 15:20:20 write(3, "\33\375i\251\317\235\5\316~|\371P\236tGE\265]\274\6\211\366U\206", 24) = 24
12686 15:20:20 rt_sigaction(SIGWINCH, NULL, {0x7f601301a120, [], SA_RESTORER, 0x7f6011a25510}, 8) = 0
12686 15:20:20 rt_sigaction(SIGWINCH, {SIG_DFL, [], SA_RESTORER, 0x7f6011a25510}, NULL, 8) = 0
12686 15:20:20 write(3, "\177\216r\336\5^\324\273\v\342\"xi\2349\263\7\345P)1\271\307\232wE\374N\231O\205\375"..., 56) = 56
12686 15:20:20 ioctl(0, SNDCTL_TMR_TIMEBASE or SNDRV_TIMER_IOCTL_NEXT_DEVICE or TCGETS, {B38400 opost isig icanon echo ...}) = 0
12686 15:20:20 ioctl(1, SNDCTL_TMR_TIMEBASE or SNDRV_TIMER_IOCTL_NEXT_DEVICE or TCGETS, {B38400 opost isig icanon echo ...}) = 0
12686 15:20:20 ioctl(2, SNDCTL_TMR_TIMEBASE or SNDRV_TIMER_IOCTL_NEXT_DEVICE or TCGETS, {B38400 opost isig icanon echo ...}) = 0
12686 15:20:20 write(2, "Connection to 192.168.1.21 close"..., 36) = 36
12686 15:20:20 shutdown(3, SHUT_RDWR)   = 0
12686 15:20:20 close(3)                 = 0
12686 15:20:20 exit_group(0)            = ?
12686 15:20:20 +++ exited with 0 +++
